{"/home/travis/build/npmtest/node-npmtest-ng2-responsive/test.js":{"path":"/home/travis/build/npmtest/node-npmtest-ng2-responsive/test.js","s":{"1":2,"2":2,"3":2,"4":2,"5":2,"6":2,"7":2,"8":1,"9":2,"10":2,"11":1,"12":1,"13":1,"14":1,"15":2,"16":2,"17":2,"18":2,"19":1,"20":1,"21":2,"22":2,"23":2,"24":1,"25":1,"26":1,"27":1,"28":1,"29":1,"30":1,"31":1,"32":1,"33":1,"34":1,"35":1,"36":1,"37":1,"38":1,"39":2,"40":2,"41":1,"42":2,"43":2,"44":1,"45":2,"46":2,"47":1,"48":2,"49":2,"50":1,"51":1,"52":1,"53":1,"54":1},"b":{"1":[2,1,1,1],"2":[1,1,1,1],"3":[1,1],"4":[1,1],"5":[1,1],"6":[1,1],"7":[1,1],"8":[1,1],"9":[1,1],"10":[1,1,1],"11":[1,1],"12":[1,1],"13":[1,1],"14":[1,1],"15":[1,1],"16":[1,1],"17":[1,1]},"f":{"1":2,"2":2,"3":2,"4":2,"5":2,"6":1,"7":1,"8":1,"9":2,"10":2,"11":2,"12":2,"13":1},"fnMap":{"1":{"name":"(anonymous_1)","line":12,"loc":{"start":{"line":12,"column":1},"end":{"line":12,"column":13}}},"2":{"name":"(anonymous_2)","line":19,"loc":{"start":{"line":19,"column":5},"end":{"line":19,"column":17}}},"3":{"name":"(anonymous_3)","line":23,"loc":{"start":{"line":23,"column":24},"end":{"line":23,"column":36}}},"4":{"name":"(anonymous_4)","line":61,"loc":{"start":{"line":61,"column":5},"end":{"line":61,"column":17}}},"5":{"name":"(anonymous_5)","line":82,"loc":{"start":{"line":82,"column":5},"end":{"line":82,"column":17}}},"6":{"name":"(anonymous_6)","line":91,"loc":{"start":{"line":91,"column":77},"end":{"line":94,"column":10}}},"7":{"name":"(anonymous_7)","line":112,"loc":{"start":{"line":112,"column":83},"end":{"line":115,"column":10}},"skip":true},"8":{"name":"(anonymous_8)","line":123,"loc":{"start":{"line":123,"column":77},"end":{"line":126,"column":10}},"skip":true},"9":{"name":"(anonymous_9)","line":139,"loc":{"start":{"line":139,"column":12},"end":{"line":139,"column":40}},"skip":true},"10":{"name":"(anonymous_10)","line":147,"loc":{"start":{"line":147,"column":77},"end":{"line":150,"column":10}},"skip":true},"11":{"name":"(anonymous_11)","line":158,"loc":{"start":{"line":158,"column":83},"end":{"line":161,"column":10}},"skip":true},"12":{"name":"(anonymous_12)","line":169,"loc":{"start":{"line":169,"column":79},"end":{"line":172,"column":10}},"skip":true},"13":{"name":"(anonymous_13)","line":180,"loc":{"start":{"line":180,"column":75},"end":{"line":183,"column":10}},"skip":true}},"statementMap":{"1":{"start":{"line":12,"column":0},"end":{"line":195,"column":5}},"2":{"start":{"line":14,"column":4},"end":{"line":14,"column":14}},"3":{"start":{"line":19,"column":4},"end":{"line":56,"column":9}},"4":{"start":{"line":21,"column":8},"end":{"line":21,"column":19}},"5":{"start":{"line":23,"column":8},"end":{"line":35,"column":13}},"6":{"start":{"line":24,"column":12},"end":{"line":34,"column":13}},"7":{"start":{"line":25,"column":16},"end":{"line":28,"column":30}},"8":{"start":{"line":30,"column":16},"end":{"line":33,"column":27}},"9":{"start":{"line":37,"column":8},"end":{"line":39,"column":21}},"10":{"start":{"line":40,"column":8},"end":{"line":53,"column":9}},"11":{"start":{"line":43,"column":12},"end":{"line":46,"column":14}},"12":{"start":{"line":47,"column":12},"end":{"line":47,"column":18}},"13":{"start":{"line":50,"column":12},"end":{"line":51,"column":33}},"14":{"start":{"line":52,"column":12},"end":{"line":52,"column":18}},"15":{"start":{"line":55,"column":8},"end":{"line":55,"column":35}},"16":{"start":{"line":61,"column":4},"end":{"line":63,"column":9}},"17":{"start":{"line":62,"column":8},"end":{"line":62,"column":15}},"18":{"start":{"line":64,"column":4},"end":{"line":77,"column":5}},"19":{"start":{"line":70,"column":8},"end":{"line":70,"column":14}},"20":{"start":{"line":76,"column":8},"end":{"line":76,"column":14}},"21":{"start":{"line":82,"column":4},"end":{"line":84,"column":9}},"22":{"start":{"line":83,"column":8},"end":{"line":83,"column":15}},"23":{"start":{"line":85,"column":4},"end":{"line":194,"column":5}},"24":{"start":{"line":91,"column":8},"end":{"line":99,"column":10}},"25":{"start":{"line":98,"column":12},"end":{"line":98,"column":35}},"26":{"start":{"line":102,"column":8},"end":{"line":104,"column":63}},"27":{"start":{"line":105,"column":8},"end":{"line":105,"column":14}},"28":{"start":{"line":112,"column":8},"end":{"line":121,"column":10},"skip":true},"29":{"start":{"line":119,"column":12},"end":{"line":119,"column":55},"skip":true},"30":{"start":{"line":120,"column":12},"end":{"line":120,"column":48},"skip":true},"31":{"start":{"line":123,"column":8},"end":{"line":136,"column":10},"skip":true},"32":{"start":{"line":130,"column":12},"end":{"line":130,"column":76},"skip":true},"33":{"start":{"line":131,"column":12},"end":{"line":131,"column":73},"skip":true},"34":{"start":{"line":132,"column":12},"end":{"line":132,"column":74},"skip":true},"35":{"start":{"line":133,"column":12},"end":{"line":133,"column":79},"skip":true},"36":{"start":{"line":134,"column":12},"end":{"line":134,"column":25},"skip":true},"37":{"start":{"line":135,"column":12},"end":{"line":135,"column":45},"skip":true},"38":{"start":{"line":138,"column":8},"end":{"line":145,"column":14},"skip":true},"39":{"start":{"line":143,"column":16},"end":{"line":143,"column":29},"skip":true},"40":{"start":{"line":144,"column":16},"end":{"line":144,"column":55},"skip":true},"41":{"start":{"line":147,"column":8},"end":{"line":156,"column":10},"skip":true},"42":{"start":{"line":154,"column":12},"end":{"line":154,"column":25},"skip":true},"43":{"start":{"line":155,"column":12},"end":{"line":155,"column":45},"skip":true},"44":{"start":{"line":158,"column":8},"end":{"line":167,"column":10},"skip":true},"45":{"start":{"line":165,"column":12},"end":{"line":165,"column":25},"skip":true},"46":{"start":{"line":166,"column":12},"end":{"line":166,"column":48},"skip":true},"47":{"start":{"line":169,"column":8},"end":{"line":178,"column":10},"skip":true},"48":{"start":{"line":176,"column":12},"end":{"line":176,"column":25},"skip":true},"49":{"start":{"line":177,"column":12},"end":{"line":177,"column":46},"skip":true},"50":{"start":{"line":180,"column":8},"end":{"line":189,"column":10},"skip":true},"51":{"start":{"line":187,"column":12},"end":{"line":187,"column":94},"skip":true},"52":{"start":{"line":188,"column":12},"end":{"line":188,"column":48},"skip":true},"53":{"start":{"line":192,"column":8},"end":{"line":192,"column":35},"skip":true},"54":{"start":{"line":193,"column":8},"end":{"line":193,"column":14},"skip":true}},"branchMap":{"1":{"line":25,"type":"binary-expr","locations":[{"start":{"line":25,"column":23},"end":{"line":25,"column":62}},{"start":{"line":26,"column":20},"end":{"line":26,"column":70}},{"start":{"line":27,"column":20},"end":{"line":27,"column":71}},{"start":{"line":28,"column":20},"end":{"line":28,"column":29}}]},"2":{"line":30,"type":"binary-expr","locations":[{"start":{"line":30,"column":23},"end":{"line":30,"column":37}},{"start":{"line":31,"column":20},"end":{"line":31,"column":61}},{"start":{"line":32,"column":20},"end":{"line":32,"column":70}},{"start":{"line":33,"column":20},"end":{"line":33,"column":26}}]},"3":{"line":37,"type":"cond-expr","locations":[{"start":{"line":38,"column":14},"end":{"line":38,"column":20}},{"start":{"line":39,"column":14},"end":{"line":39,"column":20}}]},"4":{"line":40,"type":"switch","locations":[{"start":{"line":42,"column":8},"end":{"line":47,"column":18}},{"start":{"line":49,"column":8},"end":{"line":52,"column":18}}]},"5":{"line":44,"type":"binary-expr","locations":[{"start":{"line":44,"column":16},"end":{"line":44,"column":44}},{"start":{"line":44,"column":48},"end":{"line":44,"column":66}}]},"6":{"line":50,"type":"binary-expr","locations":[{"start":{"line":50,"column":21},"end":{"line":50,"column":49}},{"start":{"line":50,"column":53},"end":{"line":50,"column":72}}]},"7":{"line":64,"type":"switch","locations":[{"start":{"line":69,"column":4},"end":{"line":70,"column":14}},{"start":{"line":75,"column":4},"end":{"line":76,"column":14}}]},"8":{"line":85,"type":"switch","locations":[{"start":{"line":90,"column":4},"end":{"line":105,"column":14}},{"start":{"line":111,"column":4},"end":{"line":193,"column":14},"skip":true}]},"9":{"line":91,"type":"binary-expr","locations":[{"start":{"line":91,"column":42},"end":{"line":91,"column":73}},{"start":{"line":91,"column":77},"end":{"line":99,"column":9}}]},"10":{"line":102,"type":"binary-expr","locations":[{"start":{"line":102,"column":18},"end":{"line":102,"column":32}},{"start":{"line":103,"column":12},"end":{"line":103,"column":53}},{"start":{"line":104,"column":12},"end":{"line":104,"column":61}}]},"11":{"line":112,"type":"binary-expr","locations":[{"start":{"line":112,"column":45},"end":{"line":112,"column":79},"skip":true},{"start":{"line":112,"column":83},"end":{"line":121,"column":9},"skip":true}]},"12":{"line":123,"type":"binary-expr","locations":[{"start":{"line":123,"column":42},"end":{"line":123,"column":73},"skip":true},{"start":{"line":123,"column":77},"end":{"line":136,"column":9},"skip":true}]},"13":{"line":138,"type":"binary-expr","locations":[{"start":{"line":138,"column":48},"end":{"line":138,"column":85},"skip":true},{"start":{"line":139,"column":12},"end":{"line":145,"column":13},"skip":true}]},"14":{"line":147,"type":"binary-expr","locations":[{"start":{"line":147,"column":42},"end":{"line":147,"column":73},"skip":true},{"start":{"line":147,"column":77},"end":{"line":156,"column":9},"skip":true}]},"15":{"line":158,"type":"binary-expr","locations":[{"start":{"line":158,"column":45},"end":{"line":158,"column":79},"skip":true},{"start":{"line":158,"column":83},"end":{"line":167,"column":9},"skip":true}]},"16":{"line":169,"type":"binary-expr","locations":[{"start":{"line":169,"column":43},"end":{"line":169,"column":75},"skip":true},{"start":{"line":169,"column":79},"end":{"line":178,"column":9},"skip":true}]},"17":{"line":180,"type":"binary-expr","locations":[{"start":{"line":180,"column":41},"end":{"line":180,"column":71},"skip":true},{"start":{"line":180,"column":75},"end":{"line":189,"column":9},"skip":true}]}},"code":["/* istanbul instrument in package npmtest_ng2_responsive */","/*jslint","    bitwise: true,","    browser: true,","    maxerr: 8,","    maxlen: 96,","    node: true,","    nomen: true,","    regexp: true,","    stupid: true","*/","(function () {","    'use strict';","    var local;","","","","    // run shared js-env code - pre-init","    (function () {","        // init local","        local = {};","        // init modeJs","        local.modeJs = (function () {","            try {","                return typeof navigator.userAgent === 'string' &&","                    typeof document.querySelector('body') === 'object' &&","                    typeof XMLHttpRequest.prototype.open === 'function' &&","                    'browser';","            } catch (errorCaughtBrowser) {","                return module.exports &&","                    typeof process.versions.node === 'string' &&","                    typeof require('http').createServer === 'function' &&","                    'node';","            }","        }());","        // init global","        local.global = local.modeJs === 'browser'","            ? window","            : global;","        switch (local.modeJs) {","        // re-init local from window.local","        case 'browser':","            local = local.global.utility2.objectSetDefault(","                local.global.utility2_rollup || local.global.local,","                local.global.utility2","            );","            break;","        // re-init local from example.js","        case 'node':","            local = (local.global.utility2_rollup || require('utility2'))","                .requireReadme();","            break;","        }","        // export local","        local.global.local = local;","    }());","","","","    // run shared js-env code - function","    (function () {","        return;","    }());","    switch (local.modeJs) {","","","","    // run browser js-env code - function","    case 'browser':","        break;","","","","    // run node js-env code - function","    case 'node':","        break;","    }","","","","    // run shared js-env code - post-init","    (function () {","        return;","    }());","    switch (local.modeJs) {","","","","    // run browser js-env code - post-init","    case 'browser':","        local.testCase_browser_nullCase = local.testCase_browser_nullCase || function (","            options,","            onError","        ) {","        /*","         * this function will test browsers's null-case handling-behavior-behavior","         */","            onError(null, options);","        };","","        // run tests","        local.nop(local.modeTest &&","            document.querySelector('#testRunButton1') &&","            document.querySelector('#testRunButton1').click());","        break;","","","","    // run node js-env code - post-init","    /* istanbul ignore next */","    case 'node':","        local.testCase_buildApidoc_default = local.testCase_buildApidoc_default || function (","            options,","            onError","        ) {","        /*","         * this function will test buildApidoc's default handling-behavior-behavior","         */","            options = { modulePathList: module.paths };","            local.buildApidoc(options, onError);","        };","","        local.testCase_buildApp_default = local.testCase_buildApp_default || function (","            options,","            onError","        ) {","        /*","         * this function will test buildApp's default handling-behavior-behavior","         */","            local.testCase_buildReadme_default(options, local.onErrorThrow);","            local.testCase_buildLib_default(options, local.onErrorThrow);","            local.testCase_buildTest_default(options, local.onErrorThrow);","            local.testCase_buildCustomOrg_default(options, local.onErrorThrow);","            options = [];","            local.buildApp(options, onError);","        };","","        local.testCase_buildCustomOrg_default = local.testCase_buildCustomOrg_default ||","            function (options, onError) {","            /*","             * this function will test buildCustomOrg's default handling-behavior","             */","                options = {};","                local.buildCustomOrg(options, onError);","            };","","        local.testCase_buildLib_default = local.testCase_buildLib_default || function (","            options,","            onError","        ) {","        /*","         * this function will test buildLib's default handling-behavior","         */","            options = {};","            local.buildLib(options, onError);","        };","","        local.testCase_buildReadme_default = local.testCase_buildReadme_default || function (","            options,","            onError","        ) {","        /*","         * this function will test buildReadme's default handling-behavior-behavior","         */","            options = {};","            local.buildReadme(options, onError);","        };","","        local.testCase_buildTest_default = local.testCase_buildTest_default || function (","            options,","            onError","        ) {","        /*","         * this function will test buildTest's default handling-behavior","         */","            options = {};","            local.buildTest(options, onError);","        };","","        local.testCase_webpage_default = local.testCase_webpage_default || function (","            options,","            onError","        ) {","        /*","         * this function will test webpage's default handling-behavior","         */","            options = { modeCoverageMerge: true, url: local.serverLocalHost + '?modeTest=1' };","            local.browserTest(options, onError);","        };","","        // run test-server","        local.testRunServer(local);","        break;","    }","}());",""],"l":{"12":2,"14":2,"19":2,"21":2,"23":2,"24":2,"25":2,"30":1,"37":2,"40":2,"43":1,"47":1,"50":1,"52":1,"55":2,"61":2,"62":2,"64":2,"70":1,"76":1,"82":2,"83":2,"85":2,"91":1,"98":1,"102":1,"105":1,"112":1,"119":1,"120":1,"123":1,"130":1,"131":1,"132":1,"133":1,"134":1,"135":1,"138":1,"143":2,"144":2,"147":1,"154":2,"155":2,"158":1,"165":2,"166":2,"169":1,"176":2,"177":2,"180":1,"187":1,"188":1,"192":1,"193":1}},"/home/travis/build/npmtest/node-npmtest-ng2-responsive/lib.npmtest_ng2_responsive.js":{"path":"/home/travis/build/npmtest/node-npmtest-ng2-responsive/lib.npmtest_ng2_responsive.js","s":{"1":2,"2":2,"3":2,"4":2,"5":2,"6":2,"7":2,"8":1,"9":2,"10":2,"11":2,"12":2,"13":1,"14":1,"15":1,"16":1},"b":{"1":[2,1,1,1],"2":[1,1,1,1],"3":[1,1],"4":[2,2],"5":[1,1]},"f":{"1":2,"2":2,"3":2},"fnMap":{"1":{"name":"(anonymous_1)","line":12,"loc":{"start":{"line":12,"column":1},"end":{"line":12,"column":13}}},"2":{"name":"(anonymous_2)","line":19,"loc":{"start":{"line":19,"column":5},"end":{"line":19,"column":17}}},"3":{"name":"(anonymous_3)","line":23,"loc":{"start":{"line":23,"column":24},"end":{"line":23,"column":36}}}},"statementMap":{"1":{"start":{"line":12,"column":0},"end":{"line":53,"column":5}},"2":{"start":{"line":14,"column":4},"end":{"line":14,"column":14}},"3":{"start":{"line":19,"column":4},"end":{"line":52,"column":9}},"4":{"start":{"line":21,"column":8},"end":{"line":21,"column":19}},"5":{"start":{"line":23,"column":8},"end":{"line":35,"column":13}},"6":{"start":{"line":24,"column":12},"end":{"line":34,"column":13}},"7":{"start":{"line":25,"column":16},"end":{"line":28,"column":30}},"8":{"start":{"line":30,"column":16},"end":{"line":33,"column":27}},"9":{"start":{"line":37,"column":8},"end":{"line":39,"column":21}},"10":{"start":{"line":41,"column":8},"end":{"line":41,"column":54}},"11":{"start":{"line":43,"column":8},"end":{"line":43,"column":59}},"12":{"start":{"line":45,"column":8},"end":{"line":51,"column":9}},"13":{"start":{"line":46,"column":12},"end":{"line":46,"column":65}},"14":{"start":{"line":48,"column":12},"end":{"line":48,"column":35}},"15":{"start":{"line":49,"column":12},"end":{"line":49,"column":49}},"16":{"start":{"line":50,"column":12},"end":{"line":50,"column":43}}},"branchMap":{"1":{"line":25,"type":"binary-expr","locations":[{"start":{"line":25,"column":23},"end":{"line":25,"column":62}},{"start":{"line":26,"column":20},"end":{"line":26,"column":70}},{"start":{"line":27,"column":20},"end":{"line":27,"column":71}},{"start":{"line":28,"column":20},"end":{"line":28,"column":29}}]},"2":{"line":30,"type":"binary-expr","locations":[{"start":{"line":30,"column":23},"end":{"line":30,"column":37}},{"start":{"line":31,"column":20},"end":{"line":31,"column":61}},{"start":{"line":32,"column":20},"end":{"line":32,"column":70}},{"start":{"line":33,"column":20},"end":{"line":33,"column":26}}]},"3":{"line":37,"type":"cond-expr","locations":[{"start":{"line":38,"column":14},"end":{"line":38,"column":20}},{"start":{"line":39,"column":14},"end":{"line":39,"column":20}}]},"4":{"line":41,"type":"binary-expr","locations":[{"start":{"line":41,"column":16},"end":{"line":41,"column":44}},{"start":{"line":41,"column":48},"end":{"line":41,"column":53}}]},"5":{"line":45,"type":"if","locations":[{"start":{"line":45,"column":8},"end":{"line":45,"column":8}},{"start":{"line":45,"column":8},"end":{"line":45,"column":8}}]}},"code":["/* istanbul instrument in package npmtest_ng2_responsive */","/*jslint","    bitwise: true,","    browser: true,","    maxerr: 8,","    maxlen: 96,","    node: true,","    nomen: true,","    regexp: true,","    stupid: true","*/","(function () {","    'use strict';","    var local;","","","","    // run shared js-env code - pre-init","    (function () {","        // init local","        local = {};","        // init modeJs","        local.modeJs = (function () {","            try {","                return typeof navigator.userAgent === 'string' &&","                    typeof document.querySelector('body') === 'object' &&","                    typeof XMLHttpRequest.prototype.open === 'function' &&","                    'browser';","            } catch (errorCaughtBrowser) {","                return module.exports &&","                    typeof process.versions.node === 'string' &&","                    typeof require('http').createServer === 'function' &&","                    'node';","            }","        }());","        // init global","        local.global = local.modeJs === 'browser'","            ? window","            : global;","        // init utility2_rollup","        local = local.global.utility2_rollup || local;","        // init lib","        local.local = local.npmtest_ng2_responsive = local;","        // init exports","        if (local.modeJs === 'browser') {","            local.global.utility2_npmtest_ng2_responsive = local;","        } else {","            module.exports = local;","            module.exports.__dirname = __dirname;","            module.exports.module = module;","        }","    }());","}());",""],"l":{"12":2,"14":2,"19":2,"21":2,"23":2,"24":2,"25":2,"30":1,"37":2,"41":2,"43":2,"45":2,"46":1,"48":1,"49":1,"50":1}},"/home/travis/build/npmtest/node-npmtest-ng2-responsive/example.js":{"path":"/home/travis/build/npmtest/node-npmtest-ng2-responsive/example.js","s":{"1":2,"2":2,"3":2,"4":2,"5":2,"6":2,"7":2,"8":1,"9":2,"10":2,"11":2,"12":2,"13":1,"14":2,"15":2,"16":2,"17":2,"18":2,"19":0,"20":2,"21":1,"22":1,"23":1,"24":1,"25":1,"26":0,"27":0,"28":1,"29":1,"30":2,"31":0,"32":0,"33":0,"34":1,"35":2,"36":2,"37":3,"38":3,"39":3,"40":3,"41":0,"42":3,"43":3,"44":3,"45":1,"46":3,"47":1,"48":1,"49":1,"50":1,"51":1,"52":1,"53":1,"54":1,"55":1,"56":1,"57":0,"58":1,"59":6,"60":6,"61":1,"62":2,"63":0,"64":2,"65":1,"66":1,"67":0,"68":0,"69":0,"70":0,"71":0,"72":0,"73":0,"74":0,"75":0,"76":0,"77":0,"78":0,"79":0,"80":0,"81":0,"82":0,"83":0},"b":{"1":[2,1,1,1],"2":[1,1,1,1],"3":[1,1],"4":[2,2],"5":[1,1],"6":[1,1],"7":[2,0],"8":[2,1,1,1,1,1],"9":[0,2,0],"10":[1,1],"11":[2,1,1],"12":[1,0],"13":[0,2],"14":[2,0,0,0,0,0,0],"15":[0,3],"16":[3,0],"17":[1,1],"18":[0,1],"19":[1,2,0,2],"20":[1,0],"21":[1,1],"22":[0,0],"23":[0,0],"24":[0,0],"25":[0,0],"26":[0,0],"27":[0,0],"28":[0,0]},"f":{"1":2,"2":2,"3":2,"4":2,"5":2,"6":2,"7":3,"8":3,"9":3,"10":1,"11":6,"12":0},"fnMap":{"1":{"name":"(anonymous_1)","line":26,"loc":{"start":{"line":26,"column":1},"end":{"line":26,"column":13}}},"2":{"name":"(anonymous_2)","line":33,"loc":{"start":{"line":33,"column":5},"end":{"line":33,"column":17}}},"3":{"name":"(anonymous_3)","line":37,"loc":{"start":{"line":37,"column":24},"end":{"line":37,"column":36}}},"4":{"name":"(anonymous_4)","line":69,"loc":{"start":{"line":69,"column":31},"end":{"line":69,"column":48}},"skip":true},"5":{"name":"(anonymous_5)","line":78,"loc":{"start":{"line":78,"column":26},"end":{"line":78,"column":45}},"skip":true},"6":{"name":"(anonymous_6)","line":123,"loc":{"start":{"line":123,"column":33},"end":{"line":123,"column":48}},"skip":true},"7":{"name":"(anonymous_7)","line":125,"loc":{"start":{"line":125,"column":27},"end":{"line":125,"column":39}},"skip":true},"8":{"name":"(anonymous_8)","line":133,"loc":{"start":{"line":133,"column":59},"end":{"line":133,"column":74}},"skip":true},"9":{"name":"(anonymous_9)","line":143,"loc":{"start":{"line":143,"column":45},"end":{"line":143,"column":62}},"skip":true},"10":{"name":"(anonymous_10)","line":144,"loc":{"start":{"line":144,"column":73},"end":{"line":144,"column":92}},"skip":true},"11":{"name":"(anonymous_11)","line":272,"loc":{"start":{"line":272,"column":51},"end":{"line":272,"column":77}},"skip":true},"12":{"name":"(anonymous_12)","line":315,"loc":{"start":{"line":315,"column":32},"end":{"line":315,"column":61}},"skip":true}},"statementMap":{"1":{"start":{"line":26,"column":0},"end":{"line":326,"column":5}},"2":{"start":{"line":28,"column":4},"end":{"line":28,"column":14}},"3":{"start":{"line":33,"column":4},"end":{"line":60,"column":9}},"4":{"start":{"line":35,"column":8},"end":{"line":35,"column":19}},"5":{"start":{"line":37,"column":8},"end":{"line":49,"column":13}},"6":{"start":{"line":38,"column":12},"end":{"line":48,"column":13}},"7":{"start":{"line":39,"column":16},"end":{"line":42,"column":30}},"8":{"start":{"line":44,"column":16},"end":{"line":47,"column":27}},"9":{"start":{"line":51,"column":8},"end":{"line":53,"column":21}},"10":{"start":{"line":55,"column":8},"end":{"line":57,"column":45}},"11":{"start":{"line":59,"column":8},"end":{"line":59,"column":35}},"12":{"start":{"line":61,"column":4},"end":{"line":325,"column":5}},"13":{"start":{"line":69,"column":8},"end":{"line":121,"column":10},"skip":true},"14":{"start":{"line":70,"column":12},"end":{"line":88,"column":13},"skip":true},"15":{"start":{"line":76,"column":16},"end":{"line":87,"column":19},"skip":true},"16":{"start":{"line":79,"column":20},"end":{"line":86,"column":21},"skip":true},"17":{"start":{"line":82,"column":24},"end":{"line":82,"column":43},"skip":true},"18":{"start":{"line":83,"column":24},"end":{"line":83,"column":30},"skip":true},"19":{"start":{"line":85,"column":24},"end":{"line":85,"column":49},"skip":true},"20":{"start":{"line":89,"column":12},"end":{"line":107,"column":13},"skip":true},"21":{"start":{"line":92,"column":16},"end":{"line":102,"column":17},"skip":true},"22":{"start":{"line":93,"column":20},"end":{"line":93,"column":86},"skip":true},"23":{"start":{"line":94,"column":20},"end":{"line":95,"column":45},"skip":true},"24":{"start":{"line":96,"column":20},"end":{"line":96,"column":42},"skip":true},"25":{"start":{"line":97,"column":20},"end":{"line":97,"column":48},"skip":true},"26":{"start":{"line":100,"column":20},"end":{"line":100,"column":85},"skip":true},"27":{"start":{"line":101,"column":20},"end":{"line":101,"column":96},"skip":true},"28":{"start":{"line":103,"column":16},"end":{"line":103,"column":22},"skip":true},"29":{"start":{"line":106,"column":16},"end":{"line":106,"column":22},"skip":true},"30":{"start":{"line":108,"column":12},"end":{"line":120,"column":13},"skip":true},"31":{"start":{"line":114,"column":16},"end":{"line":119,"column":17},"skip":true},"32":{"start":{"line":116,"column":20},"end":{"line":116,"column":78},"skip":true},"33":{"start":{"line":118,"column":20},"end":{"line":118,"column":47},"skip":true},"34":{"start":{"line":123,"column":8},"end":{"line":141,"column":11},"skip":true},"35":{"start":{"line":124,"column":12},"end":{"line":124,"column":54},"skip":true},"36":{"start":{"line":125,"column":12},"end":{"line":140,"column":14},"skip":true},"37":{"start":{"line":126,"column":16},"end":{"line":126,"column":28},"skip":true},"38":{"start":{"line":127,"column":16},"end":{"line":127,"column":69},"skip":true},"39":{"start":{"line":128,"column":16},"end":{"line":128,"column":75},"skip":true},"40":{"start":{"line":129,"column":16},"end":{"line":131,"column":17},"skip":true},"41":{"start":{"line":130,"column":20},"end":{"line":130,"column":27},"skip":true},"42":{"start":{"line":133,"column":16},"end":{"line":137,"column":36},"skip":true},"43":{"start":{"line":134,"column":20},"end":{"line":136,"column":55},"skip":true},"44":{"start":{"line":139,"column":16},"end":{"line":139,"column":57},"skip":true},"45":{"start":{"line":143,"column":8},"end":{"line":147,"column":11},"skip":true},"46":{"start":{"line":144,"column":12},"end":{"line":146,"column":15},"skip":true},"47":{"start":{"line":145,"column":16},"end":{"line":145,"column":70},"skip":true},"48":{"start":{"line":149,"column":8},"end":{"line":149,"column":31},"skip":true},"49":{"start":{"line":150,"column":8},"end":{"line":150,"column":14},"skip":true},"50":{"start":{"line":158,"column":8},"end":{"line":158,"column":31},"skip":true},"51":{"start":{"line":160,"column":8},"end":{"line":160,"column":33},"skip":true},"52":{"start":{"line":161,"column":8},"end":{"line":161,"column":37},"skip":true},"53":{"start":{"line":162,"column":8},"end":{"line":162,"column":35},"skip":true},"54":{"start":{"line":164,"column":8},"end":{"line":164,"column":50},"skip":true},"55":{"start":{"line":166,"column":8},"end":{"line":256,"column":2},"skip":true},"56":{"start":{"line":258,"column":8},"end":{"line":286,"column":9},"skip":true},"57":{"start":{"line":259,"column":12},"end":{"line":269,"column":14},"skip":true},"58":{"start":{"line":271,"column":12},"end":{"line":285,"column":19},"skip":true},"59":{"start":{"line":274,"column":20},"end":{"line":274,"column":35},"skip":true},"60":{"start":{"line":275,"column":20},"end":{"line":284,"column":21},"skip":true},"61":{"start":{"line":277,"column":24},"end":{"line":277,"column":64},"skip":true},"62":{"start":{"line":279,"column":24},"end":{"line":279,"column":40},"skip":true},"63":{"start":{"line":281,"column":24},"end":{"line":281,"column":40},"skip":true},"64":{"start":{"line":283,"column":24},"end":{"line":283,"column":39},"skip":true},"65":{"start":{"line":288,"column":8},"end":{"line":290,"column":9},"skip":true},"66":{"start":{"line":289,"column":12},"end":{"line":289,"column":18},"skip":true},"67":{"start":{"line":291,"column":8},"end":{"line":293,"column":54},"skip":true},"68":{"start":{"line":296,"column":8},"end":{"line":301,"column":37},"skip":true},"69":{"start":{"line":303,"column":8},"end":{"line":303,"column":82},"skip":true},"70":{"start":{"line":306,"column":8},"end":{"line":308,"column":9},"skip":true},"71":{"start":{"line":307,"column":12},"end":{"line":307,"column":82},"skip":true},"72":{"start":{"line":310,"column":8},"end":{"line":312,"column":9},"skip":true},"73":{"start":{"line":311,"column":12},"end":{"line":311,"column":18},"skip":true},"74":{"start":{"line":313,"column":8},"end":{"line":313,"column":54},"skip":true},"75":{"start":{"line":314,"column":8},"end":{"line":314,"column":69},"skip":true},"76":{"start":{"line":315,"column":8},"end":{"line":323,"column":36},"skip":true},"77":{"start":{"line":316,"column":12},"end":{"line":316,"column":61},"skip":true},"78":{"start":{"line":317,"column":12},"end":{"line":320,"column":13},"skip":true},"79":{"start":{"line":318,"column":16},"end":{"line":318,"column":75},"skip":true},"80":{"start":{"line":319,"column":16},"end":{"line":319,"column":23},"skip":true},"81":{"start":{"line":321,"column":12},"end":{"line":321,"column":38},"skip":true},"82":{"start":{"line":322,"column":12},"end":{"line":322,"column":27},"skip":true},"83":{"start":{"line":324,"column":8},"end":{"line":324,"column":14},"skip":true}},"branchMap":{"1":{"line":39,"type":"binary-expr","locations":[{"start":{"line":39,"column":23},"end":{"line":39,"column":62}},{"start":{"line":40,"column":20},"end":{"line":40,"column":70}},{"start":{"line":41,"column":20},"end":{"line":41,"column":71}},{"start":{"line":42,"column":20},"end":{"line":42,"column":29}}]},"2":{"line":44,"type":"binary-expr","locations":[{"start":{"line":44,"column":23},"end":{"line":44,"column":37}},{"start":{"line":45,"column":20},"end":{"line":45,"column":61}},{"start":{"line":46,"column":20},"end":{"line":46,"column":70}},{"start":{"line":47,"column":20},"end":{"line":47,"column":26}}]},"3":{"line":51,"type":"cond-expr","locations":[{"start":{"line":52,"column":14},"end":{"line":52,"column":20}},{"start":{"line":53,"column":14},"end":{"line":53,"column":20}}]},"4":{"line":55,"type":"binary-expr","locations":[{"start":{"line":55,"column":16},"end":{"line":55,"column":44}},{"start":{"line":55,"column":49},"end":{"line":57,"column":43}}]},"5":{"line":55,"type":"cond-expr","locations":[{"start":{"line":56,"column":14},"end":{"line":56,"column":58}},{"start":{"line":57,"column":14},"end":{"line":57,"column":43}}]},"6":{"line":61,"type":"switch","locations":[{"start":{"line":68,"column":4},"end":{"line":150,"column":14},"skip":true},{"start":{"line":156,"column":4},"end":{"line":324,"column":14},"skip":true}]},"7":{"line":70,"type":"if","locations":[{"start":{"line":70,"column":12},"end":{"line":70,"column":12},"skip":true},{"start":{"line":70,"column":12},"end":{"line":70,"column":12},"skip":true}]},"8":{"line":70,"type":"binary-expr","locations":[{"start":{"line":70,"column":16},"end":{"line":70,"column":22},"skip":true},{"start":{"line":70,"column":27},"end":{"line":70,"column":32},"skip":true},{"start":{"line":71,"column":20},"end":{"line":71,"column":39},"skip":true},{"start":{"line":72,"column":20},"end":{"line":72,"column":49},"skip":true},{"start":{"line":73,"column":20},"end":{"line":73,"column":58},"skip":true},{"start":{"line":74,"column":20},"end":{"line":74,"column":69},"skip":true}]},"9":{"line":79,"type":"switch","locations":[{"start":{"line":80,"column":20},"end":{"line":80,"column":33},"skip":true},{"start":{"line":81,"column":20},"end":{"line":83,"column":30},"skip":true},{"start":{"line":84,"column":20},"end":{"line":85,"column":49},"skip":true}]},"10":{"line":89,"type":"switch","locations":[{"start":{"line":90,"column":12},"end":{"line":103,"column":22},"skip":true},{"start":{"line":105,"column":12},"end":{"line":106,"column":22},"skip":true}]},"11":{"line":89,"type":"binary-expr","locations":[{"start":{"line":89,"column":20},"end":{"line":89,"column":25},"skip":true},{"start":{"line":89,"column":29},"end":{"line":89,"column":48},"skip":true},{"start":{"line":89,"column":52},"end":{"line":89,"column":74},"skip":true}]},"12":{"line":92,"type":"if","locations":[{"start":{"line":92,"column":16},"end":{"line":92,"column":16},"skip":true},{"start":{"line":92,"column":16},"end":{"line":92,"column":16},"skip":true}]},"13":{"line":108,"type":"if","locations":[{"start":{"line":108,"column":12},"end":{"line":108,"column":12},"skip":true},{"start":{"line":108,"column":12},"end":{"line":108,"column":12},"skip":true}]},"14":{"line":108,"type":"binary-expr","locations":[{"start":{"line":108,"column":16},"end":{"line":108,"column":61},"skip":true},{"start":{"line":108,"column":66},"end":{"line":108,"column":72},"skip":true},{"start":{"line":108,"column":77},"end":{"line":108,"column":82},"skip":true},{"start":{"line":109,"column":20},"end":{"line":109,"column":39},"skip":true},{"start":{"line":110,"column":20},"end":{"line":110,"column":49},"skip":true},{"start":{"line":111,"column":20},"end":{"line":111,"column":58},"skip":true},{"start":{"line":112,"column":20},"end":{"line":112,"column":68},"skip":true}]},"15":{"line":129,"type":"if","locations":[{"start":{"line":129,"column":16},"end":{"line":129,"column":16},"skip":true},{"start":{"line":129,"column":16},"end":{"line":129,"column":16},"skip":true}]},"16":{"line":134,"type":"cond-expr","locations":[{"start":{"line":135,"column":26},"end":{"line":135,"column":29},"skip":true},{"start":{"line":136,"column":26},"end":{"line":136,"column":54},"skip":true}]},"17":{"line":164,"type":"binary-expr","locations":[{"start":{"line":164,"column":27},"end":{"line":164,"column":43},"skip":true},{"start":{"line":164,"column":47},"end":{"line":164,"column":49},"skip":true}]},"18":{"line":258,"type":"if","locations":[{"start":{"line":258,"column":8},"end":{"line":258,"column":8},"skip":true},{"start":{"line":258,"column":8},"end":{"line":258,"column":8},"skip":true}]},"19":{"line":275,"type":"switch","locations":[{"start":{"line":276,"column":20},"end":{"line":277,"column":64},"skip":true},{"start":{"line":278,"column":20},"end":{"line":279,"column":40},"skip":true},{"start":{"line":280,"column":20},"end":{"line":281,"column":40},"skip":true},{"start":{"line":282,"column":20},"end":{"line":283,"column":39},"skip":true}]},"20":{"line":288,"type":"if","locations":[{"start":{"line":288,"column":8},"end":{"line":288,"column":8},"skip":true},{"start":{"line":288,"column":8},"end":{"line":288,"column":8},"skip":true}]},"21":{"line":288,"type":"binary-expr","locations":[{"start":{"line":288,"column":12},"end":{"line":288,"column":40},"skip":true},{"start":{"line":288,"column":44},"end":{"line":288,"column":67},"skip":true}]},"22":{"line":292,"type":"binary-expr","locations":[{"start":{"line":292,"column":12},"end":{"line":292,"column":50},"skip":true},{"start":{"line":293,"column":12},"end":{"line":293,"column":53},"skip":true}]},"23":{"line":297,"type":"binary-expr","locations":[{"start":{"line":297,"column":12},"end":{"line":297,"column":72},"skip":true},{"start":{"line":298,"column":12},"end":{"line":301,"column":36},"skip":true}]},"24":{"line":303,"type":"binary-expr","locations":[{"start":{"line":303,"column":43},"end":{"line":303,"column":75},"skip":true},{"start":{"line":303,"column":79},"end":{"line":303,"column":81},"skip":true}]},"25":{"line":306,"type":"if","locations":[{"start":{"line":306,"column":8},"end":{"line":306,"column":8},"skip":true},{"start":{"line":306,"column":8},"end":{"line":306,"column":8},"skip":true}]},"26":{"line":310,"type":"if","locations":[{"start":{"line":310,"column":8},"end":{"line":310,"column":8},"skip":true},{"start":{"line":310,"column":8},"end":{"line":310,"column":8},"skip":true}]},"27":{"line":313,"type":"binary-expr","locations":[{"start":{"line":313,"column":27},"end":{"line":313,"column":43},"skip":true},{"start":{"line":313,"column":47},"end":{"line":313,"column":53},"skip":true}]},"28":{"line":317,"type":"if","locations":[{"start":{"line":317,"column":12},"end":{"line":317,"column":12},"skip":true},{"start":{"line":317,"column":12},"end":{"line":317,"column":12},"skip":true}]}},"code":["/*","example.js","","quickstart example","","instruction","    1. save this script as example.js","    2. run the shell command:","        $ npm install npmtest-ng2-responsive && PORT=8081 node example.js","    3. play with the browser-demo on http://127.0.0.1:8081","*/","","","","/* istanbul instrument in package npmtest_ng2_responsive */","/*jslint","    bitwise: true,","    browser: true,","    maxerr: 8,","    maxlen: 96,","    node: true,","    nomen: true,","    regexp: true,","    stupid: true","*/","(function () {","    'use strict';","    var local;","","","","    // run shared js-env code - pre-init","    (function () {","        // init local","        local = {};","        // init modeJs","        local.modeJs = (function () {","            try {","                return typeof navigator.userAgent === 'string' &&","                    typeof document.querySelector('body') === 'object' &&","                    typeof XMLHttpRequest.prototype.open === 'function' &&","                    'browser';","            } catch (errorCaughtBrowser) {","                return module.exports &&","                    typeof process.versions.node === 'string' &&","                    typeof require('http').createServer === 'function' &&","                    'node';","            }","        }());","        // init global","        local.global = local.modeJs === 'browser'","            ? window","            : global;","        // init utility2_rollup","        local = local.global.utility2_rollup || (local.modeJs === 'browser'","            ? local.global.utility2_npmtest_ng2_responsive","            : global.utility2_moduleExports);","        // export local","        local.global.local = local;","    }());","    switch (local.modeJs) {","","","","    // post-init","    // run browser js-env code - post-init","    /* istanbul ignore next */","    case 'browser':","        local.testRunBrowser = function (event) {","            if (!event || (event &&","                    event.currentTarget &&","                    event.currentTarget.className &&","                    event.currentTarget.className.includes &&","                    event.currentTarget.className.includes('onreset'))) {","                // reset output","                Array.from(","                    document.querySelectorAll('body > .resettable')","                ).forEach(function (element) {","                    switch (element.tagName) {","                    case 'INPUT':","                    case 'TEXTAREA':","                        element.value = '';","                        break;","                    default:","                        element.textContent = '';","                    }","                });","            }","            switch (event && event.currentTarget && event.currentTarget.id) {","            case 'testRunButton1':","                // show tests","                if (document.querySelector('#testReportDiv1').style.display === 'none') {","                    document.querySelector('#testReportDiv1').style.display = 'block';","                    document.querySelector('#testRunButton1').textContent =","                        'hide internal test';","                    local.modeTest = true;","                    local.testRunDefault(local);","                // hide tests","                } else {","                    document.querySelector('#testReportDiv1').style.display = 'none';","                    document.querySelector('#testRunButton1').textContent = 'run internal test';","                }","                break;","            // custom-case","            default:","                break;","            }","            if (document.querySelector('#inputTextareaEval1') && (!event || (event &&","                    event.currentTarget &&","                    event.currentTarget.className &&","                    event.currentTarget.className.includes &&","                    event.currentTarget.className.includes('oneval')))) {","                // try to eval input-code","                try {","                    /*jslint evil: true*/","                    eval(document.querySelector('#inputTextareaEval1').value);","                } catch (errorCaught) {","                    console.error(errorCaught);","                }","            }","        };","        // log stderr and stdout to #outputTextareaStdout1","        ['error', 'log'].forEach(function (key) {","            console[key + '_original'] = console[key];","            console[key] = function () {","                var element;","                console[key + '_original'].apply(console, arguments);","                element = document.querySelector('#outputTextareaStdout1');","                if (!element) {","                    return;","                }","                // append text to #outputTextareaStdout1","                element.value += Array.from(arguments).map(function (arg) {","                    return typeof arg === 'string'","                        ? arg","                        : JSON.stringify(arg, null, 4);","                }).join(' ') + '\\n';","                // scroll textarea to bottom","                element.scrollTop = element.scrollHeight;","            };","        });","        // init event-handling","        ['change', 'click', 'keyup'].forEach(function (event) {","            Array.from(document.querySelectorAll('.on' + event)).forEach(function (element) {","                element.addEventListener(event, local.testRunBrowser);","            });","        });","        // run tests","        local.testRunBrowser();","        break;","","","","    // run node js-env code - post-init","    /* istanbul ignore next */","    case 'node':","        // export local","        module.exports = local;","        // require modules","        local.fs = require('fs');","        local.http = require('http');","        local.url = require('url');","        // init assets","        local.assetsDict = local.assetsDict || {};","        /* jslint-ignore-begin */","        local.assetsDict['/assets.index.template.html'] = '\\","<!doctype html>\\n\\","<html lang=\"en\">\\n\\","<head>\\n\\","<meta charset=\"UTF-8\">\\n\\","<meta name=\"viewport\" content=\"width=device-width, initial-scale=1\">\\n\\","<title>{{env.npm_package_name}} (v{{env.npm_package_version}})</title>\\n\\","<style>\\n\\","/*csslint\\n\\","    box-sizing: false,\\n\\","    universal-selector: false\\n\\","*/\\n\\","* {\\n\\","    box-sizing: border-box;\\n\\","}\\n\\","body {\\n\\","    background: #dde;\\n\\","    font-family: Arial, Helvetica, sans-serif;\\n\\","    margin: 2rem;\\n\\","}\\n\\","body > * {\\n\\","    margin-bottom: 1rem;\\n\\","}\\n\\",".utility2FooterDiv {\\n\\","    margin-top: 20px;\\n\\","    text-align: center;\\n\\","}\\n\\","</style>\\n\\","<style>\\n\\","/*csslint\\n\\","*/\\n\\","textarea {\\n\\","    font-family: monospace;\\n\\","    height: 10rem;\\n\\","    width: 100%;\\n\\","}\\n\\","textarea[readonly] {\\n\\","    background: #ddd;\\n\\","}\\n\\","</style>\\n\\","</head>\\n\\","<body>\\n\\","<!-- utility2-comment\\n\\","<div id=\"ajaxProgressDiv1\" style=\"background: #d00; height: 2px; left: 0; margin: 0; padding: 0; position: fixed; top: 0; transition: background 0.5s, width 1.5s; width: 25%;\"></div>\\n\\","utility2-comment -->\\n\\","<h1>\\n\\","<!-- utility2-comment\\n\\","    <a\\n\\","        {{#if env.npm_package_homepage}}\\n\\","        href=\"{{env.npm_package_homepage}}\"\\n\\","        {{/if env.npm_package_homepage}}\\n\\","        target=\"_blank\"\\n\\","    >\\n\\","utility2-comment -->\\n\\","        {{env.npm_package_name}} (v{{env.npm_package_version}})\\n\\","<!-- utility2-comment\\n\\","    </a>\\n\\","utility2-comment -->\\n\\","</h1>\\n\\","<h3>{{env.npm_package_description}}</h3>\\n\\","<!-- utility2-comment\\n\\","<h4><a download href=\"assets.app.js\">download standalone app</a></h4>\\n\\","<button class=\"onclick onreset\" id=\"testRunButton1\">run internal test</button><br>\\n\\","<div id=\"testReportDiv1\" style=\"display: none;\"></div>\\n\\","utility2-comment -->\\n\\","\\n\\","\\n\\","\\n\\","<label>stderr and stdout</label>\\n\\","<textarea class=\"resettable\" id=\"outputTextareaStdout1\" readonly></textarea>\\n\\","<!-- utility2-comment\\n\\","{{#if isRollup}}\\n\\","<script src=\"assets.app.js\"></script>\\n\\","{{#unless isRollup}}\\n\\","utility2-comment -->\\n\\","<script src=\"assets.utility2.rollup.js\"></script>\\n\\","<script src=\"jsonp.utility2._stateInit?callback=window.utility2._stateInit\"></script>\\n\\","<script src=\"assets.npmtest_ng2_responsive.rollup.js\"></script>\\n\\","<script src=\"assets.example.js\"></script>\\n\\","<script src=\"assets.test.js\"></script>\\n\\","<!-- utility2-comment\\n\\","{{/if isRollup}}\\n\\","utility2-comment -->\\n\\","<div class=\"utility2FooterDiv\">\\n\\","    [ this app was created with\\n\\","    <a href=\"https://github.com/kaizhu256/node-utility2\" target=\"_blank\">utility2</a>\\n\\","    ]\\n\\","</div>\\n\\","</body>\\n\\","</html>\\n\\","';","        /* jslint-ignore-end */","        if (local.templateRender) {","            local.assetsDict['/'] = local.templateRender(","                local.assetsDict['/assets.index.template.html'],","                {","                    env: local.objectSetDefault(local.env, {","                        npm_package_description: 'the greatest app in the world!',","                        npm_package_name: 'my-app',","                        npm_package_nameAlias: 'my_app',","                        npm_package_version: '0.0.1'","                    })","                }","            );","        } else {","            local.assetsDict['/'] = local.assetsDict['/assets.index.template.html']","                .replace((/\\{\\{env\\.(\\w+?)\\}\\}/g), function (match0, match1) {","                    // jslint-hack","                    String(match0);","                    switch (match1) {","                    case 'npm_package_description':","                        return 'the greatest app in the world!';","                    case 'npm_package_name':","                        return 'my-app';","                    case 'npm_package_nameAlias':","                        return 'my_app';","                    case 'npm_package_version':","                        return '0.0.1';","                    }","                });","        }","        // run the cli","        if (local.global.utility2_rollup || module !== require.main) {","            break;","        }","        local.assetsDict['/assets.example.js'] =","            local.assetsDict['/assets.example.js'] ||","            local.fs.readFileSync(__filename, 'utf8');","        // bug-workaround - long $npm_package_buildCustomOrg","        /* jslint-ignore-begin */","        local.assetsDict['/assets.npmtest_ng2_responsive.rollup.js'] =","            local.assetsDict['/assets.npmtest_ng2_responsive.rollup.js'] ||","            local.fs.readFileSync(","                local.npmtest_ng2_responsive.__dirname + '/lib.npmtest_ng2_responsive.js',","                'utf8'","            ).replace((/^#!/), '//');","        /* jslint-ignore-end */","        local.assetsDict['/favicon.ico'] = local.assetsDict['/favicon.ico'] || '';","        // if $npm_config_timeout_exit exists,","        // then exit this process after $npm_config_timeout_exit ms","        if (Number(process.env.npm_config_timeout_exit)) {","            setTimeout(process.exit, Number(process.env.npm_config_timeout_exit));","        }","        // start server","        if (local.global.utility2_serverHttp1) {","            break;","        }","        process.env.PORT = process.env.PORT || '8081';","        console.error('server starting on port ' + process.env.PORT);","        local.http.createServer(function (request, response) {","            request.urlParsed = local.url.parse(request.url);","            if (local.assetsDict[request.urlParsed.pathname] !== undefined) {","                response.end(local.assetsDict[request.urlParsed.pathname]);","                return;","            }","            response.statusCode = 404;","            response.end();","        }).listen(process.env.PORT);","        break;","    }","}());",""],"l":{"26":2,"28":2,"33":2,"35":2,"37":2,"38":2,"39":2,"44":1,"51":2,"55":2,"59":2,"61":2,"69":1,"70":2,"76":2,"79":2,"82":2,"83":2,"85":1,"89":2,"92":1,"93":1,"94":1,"96":1,"97":1,"100":1,"101":1,"103":1,"106":1,"108":2,"114":1,"116":1,"118":1,"123":1,"124":2,"125":2,"126":3,"127":3,"128":3,"129":3,"130":1,"133":3,"134":3,"139":3,"143":1,"144":3,"145":1,"149":1,"150":1,"158":1,"160":1,"161":1,"162":1,"164":1,"166":1,"258":1,"259":1,"271":1,"274":6,"275":6,"277":1,"279":2,"281":1,"283":2,"288":1,"289":1,"291":1,"296":1,"303":1,"306":1,"307":1,"310":1,"311":1,"313":1,"314":1,"315":1,"316":1,"317":1,"318":1,"319":1,"321":1,"322":1,"324":1}},"/home/travis/build/npmtest/node-npmtest-ng2-responsive/node_modules/ng2-responsive/index.js":{"path":"/home/travis/build/npmtest/node-npmtest-ng2-responsive/node_modules/ng2-responsive/index.js","s":{"1":2,"2":0,"3":0,"4":0,"5":0,"6":0,"7":0,"8":0,"9":0,"10":0,"11":0,"12":0,"13":0,"14":0,"15":0,"16":1,"17":0,"18":0,"19":0,"20":0,"21":0},"b":{},"f":{"1":0,"2":0,"3":0},"fnMap":{"1":{"name":"(anonymous_1)","line":36,"loc":{"start":{"line":36,"column":24},"end":{"line":36,"column":36}}},"2":{"name":"ResponsiveModule","line":37,"loc":{"start":{"line":37,"column":4},"end":{"line":37,"column":32}}},"3":{"name":"(anonymous_3)","line":68,"loc":{"start":{"line":68,"column":38},"end":{"line":68,"column":50}}}},"statementMap":{"1":{"start":{"line":22,"column":0},"end":{"line":22,"column":38}},"2":{"start":{"line":23,"column":0},"end":{"line":23,"column":40}},"3":{"start":{"line":24,"column":0},"end":{"line":24,"column":43}},"4":{"start":{"line":25,"column":0},"end":{"line":25,"column":42}},"5":{"start":{"line":26,"column":0},"end":{"line":26,"column":46}},"6":{"start":{"line":27,"column":0},"end":{"line":27,"column":41}},"7":{"start":{"line":28,"column":0},"end":{"line":28,"column":44}},"8":{"start":{"line":29,"column":0},"end":{"line":29,"column":44}},"9":{"start":{"line":30,"column":0},"end":{"line":30,"column":51}},"10":{"start":{"line":31,"column":0},"end":{"line":31,"column":43}},"11":{"start":{"line":32,"column":0},"end":{"line":32,"column":41}},"12":{"start":{"line":33,"column":0},"end":{"line":33,"column":53}},"13":{"start":{"line":34,"column":0},"end":{"line":34,"column":51}},"14":{"start":{"line":35,"column":0},"end":{"line":35,"column":71}},"15":{"start":{"line":36,"column":0},"end":{"line":70,"column":5}},"16":{"start":{"line":37,"column":4},"end":{"line":38,"column":5}},"17":{"start":{"line":39,"column":4},"end":{"line":66,"column":6}},"18":{"start":{"line":68,"column":4},"end":{"line":68,"column":65}},"19":{"start":{"line":68,"column":52},"end":{"line":68,"column":62}},"20":{"start":{"line":69,"column":4},"end":{"line":69,"column":28}},"21":{"start":{"line":71,"column":0},"end":{"line":71,"column":44}}},"branchMap":{},"code":["/**"," * Responsive Devices Detect Directives for Angular 2"," *"," * @Created_by Manu Cutillas"," * @Contributors Christophe HOARAU, Kamil Breguła"," * @created_at May 04, 2016"," * @updated_at Febr 5, 2017 - by ManuCutillas"," * @version_0.7.5"," *"," * Dependencies:"," * @angular/core : \"2.4.6\""," * rxjs: \"5.1.0\""," *"," * @more_info https://github.com/ManuCutillas"," *            https://www.npmjs.com/~manucutillas"," *            https://github.com/no-more"," *"," * @description : NG2-RESPONSIVE"," *"," */","\"use strict\";","var core_1 = require('@angular/core');","var index_1 = require('./config/index');","var index_2 = require('./bootstrap/index');","var index_3 = require('./browsers/index');","var index_4 = require('./custom-sizes/index');","var index_5 = require('./devices/index');","var index_6 = require('./pixelratio/index');","var index_7 = require('./responsive/index');","var index_8 = require('./responsive-window/index');","var index_9 = require('./useragent/index');","var index_10 = require('./config/index');","exports.ResponsiveConfig = index_10.ResponsiveConfig;","exports.ResponsiveState = index_10.ResponsiveState;","exports.ResponsiveConfigInterface = index_10.ResponsiveConfigInterface;","var ResponsiveModule = (function () {","    function ResponsiveModule() {","    }","    ResponsiveModule.decorators = [","        { type: core_1.NgModule, args: [{","                    declarations: [","                        index_2.BOOTSTRAP_DIRECTIVES,","                        index_3.BROWSER_DIRECTIVES,","                        index_4.CUSTOMSIZES_DIRECTIVES,","                        index_5.DEVICES_DIRECTIVES,","                        index_6.PIXELRATIO_DIRECTIVES,","                        index_7.RESPONSIVE_DIRECTIVE,","                        index_8.RESPONSIVEWINDOW_DIRECTIVE,","                        index_9.USERAGENT_DIRECTIVE","                    ],","                    exports: [","                        index_2.BOOTSTRAP_DIRECTIVES,","                        index_3.BROWSER_DIRECTIVES,","                        index_4.CUSTOMSIZES_DIRECTIVES,","                        index_5.DEVICES_DIRECTIVES,","                        index_6.PIXELRATIO_DIRECTIVES,","                        index_7.RESPONSIVE_DIRECTIVE,","                        index_8.RESPONSIVEWINDOW_DIRECTIVE,","                        index_9.USERAGENT_DIRECTIVE,","                    ],","                    providers: [","                        index_1.ResponsiveState,","                        index_1.ResponsiveConfig","                    ]","                },] },","    ];","    /** @nocollapse */","    ResponsiveModule.ctorParameters = function () { return []; };","    return ResponsiveModule;","}());","exports.ResponsiveModule = ResponsiveModule;","//# sourceMappingURL=index.js.map"],"l":{"22":2,"23":0,"24":0,"25":0,"26":0,"27":0,"28":0,"29":0,"30":0,"31":0,"32":0,"33":0,"34":0,"35":0,"36":0,"37":1,"39":0,"68":0,"69":0,"71":0}},"/home/travis/build/npmtest/node-npmtest-ng2-responsive/node_modules/ng2-responsive/bootstrap/bootstrap-directives.js":{"path":"/home/travis/build/npmtest/node-npmtest-ng2-responsive/node_modules/ng2-responsive/bootstrap/bootstrap-directives.js","s":{"1":2,"2":0,"3":0,"4":0,"5":1,"6":0,"7":0,"8":2,"9":0,"10":0,"11":0,"12":1,"13":0,"14":0,"15":0,"16":0,"17":0,"18":0,"19":0,"20":0,"21":0,"22":0,"23":0,"24":0,"25":0,"26":1,"27":0,"28":0,"29":0,"30":0,"31":0,"32":0,"33":0,"34":0,"35":0,"36":0,"37":0,"38":0,"39":0,"40":1,"41":0,"42":0,"43":0,"44":0,"45":0,"46":0,"47":0,"48":0,"49":0,"50":0,"51":0,"52":0,"53":0,"54":1,"55":0,"56":0,"57":0,"58":0,"59":0,"60":0,"61":0,"62":0,"63":0,"64":0,"65":0,"66":0,"67":0,"68":1,"69":0,"70":0,"71":0,"72":0,"73":0,"74":0,"75":0,"76":0,"77":0,"78":0,"79":0,"80":0,"81":0,"82":1,"83":0,"84":0,"85":0,"86":0,"87":0,"88":0,"89":0,"90":0,"91":0,"92":0,"93":0,"94":0,"95":1,"96":0,"97":0,"98":0,"99":0,"100":0,"101":0,"102":0,"103":0,"104":0,"105":0,"106":0,"107":1,"108":0,"109":0,"110":0,"111":0,"112":0,"113":0,"114":0,"115":0,"116":0,"117":0,"118":0,"119":0,"120":0,"121":0,"122":0,"123":0,"124":0,"125":0,"126":0,"127":0,"128":0,"129":0,"130":0,"131":0,"132":0},"b":{"1":[2,2,2],"2":[0,0],"3":[0,0],"4":[0,0],"5":[0,0]},"f":{"1":0,"2":0,"3":0,"4":0,"5":0,"6":0,"7":0,"8":0,"9":0,"10":0,"11":0,"12":0,"13":0,"14":0,"15":0,"16":0,"17":0,"18":0,"19":0,"20":0,"21":0,"22":0,"23":0,"24":0,"25":0,"26":0,"27":0,"28":0,"29":0,"30":0,"31":0,"32":0,"33":0,"34":0,"35":0,"36":0,"37":0,"38":0},"fnMap":{"1":{"name":"(anonymous_1)","line":2,"loc":{"start":{"line":2,"column":44},"end":{"line":2,"column":60}}},"2":{"name":"__","line":4,"loc":{"start":{"line":4,"column":4},"end":{"line":4,"column":18}}},"3":{"name":"(anonymous_3)","line":9,"loc":{"start":{"line":9,"column":10},"end":{"line":9,"column":28}}},"4":{"name":"XL","line":11,"loc":{"start":{"line":11,"column":4},"end":{"line":11,"column":66}}},"5":{"name":"(anonymous_5)","line":17,"loc":{"start":{"line":17,"column":13},"end":{"line":17,"column":35}}},"6":{"name":"(anonymous_6)","line":29,"loc":{"start":{"line":29,"column":24},"end":{"line":29,"column":36}}},"7":{"name":"(anonymous_7)","line":41,"loc":{"start":{"line":41,"column":10},"end":{"line":41,"column":28}}},"8":{"name":"LG","line":43,"loc":{"start":{"line":43,"column":4},"end":{"line":43,"column":66}}},"9":{"name":"(anonymous_9)","line":49,"loc":{"start":{"line":49,"column":13},"end":{"line":49,"column":35}}},"10":{"name":"(anonymous_10)","line":61,"loc":{"start":{"line":61,"column":24},"end":{"line":61,"column":36}}},"11":{"name":"(anonymous_11)","line":73,"loc":{"start":{"line":73,"column":10},"end":{"line":73,"column":28}}},"12":{"name":"MD","line":75,"loc":{"start":{"line":75,"column":4},"end":{"line":75,"column":66}}},"13":{"name":"(anonymous_13)","line":81,"loc":{"start":{"line":81,"column":13},"end":{"line":81,"column":35}}},"14":{"name":"(anonymous_14)","line":93,"loc":{"start":{"line":93,"column":24},"end":{"line":93,"column":36}}},"15":{"name":"(anonymous_15)","line":105,"loc":{"start":{"line":105,"column":10},"end":{"line":105,"column":28}}},"16":{"name":"SM","line":107,"loc":{"start":{"line":107,"column":4},"end":{"line":107,"column":66}}},"17":{"name":"(anonymous_17)","line":113,"loc":{"start":{"line":113,"column":13},"end":{"line":113,"column":35}}},"18":{"name":"(anonymous_18)","line":125,"loc":{"start":{"line":125,"column":24},"end":{"line":125,"column":36}}},"19":{"name":"(anonymous_19)","line":137,"loc":{"start":{"line":137,"column":10},"end":{"line":137,"column":28}}},"20":{"name":"XS","line":139,"loc":{"start":{"line":139,"column":4},"end":{"line":139,"column":66}}},"21":{"name":"(anonymous_21)","line":145,"loc":{"start":{"line":145,"column":13},"end":{"line":145,"column":35}}},"22":{"name":"(anonymous_22)","line":157,"loc":{"start":{"line":157,"column":24},"end":{"line":157,"column":36}}},"23":{"name":"(anonymous_23)","line":169,"loc":{"start":{"line":169,"column":23},"end":{"line":169,"column":41}}},"24":{"name":"ShowItBootstrap","line":171,"loc":{"start":{"line":171,"column":4},"end":{"line":171,"column":79}}},"25":{"name":"(anonymous_25)","line":176,"loc":{"start":{"line":176,"column":13},"end":{"line":176,"column":35}}},"26":{"name":"(anonymous_26)","line":188,"loc":{"start":{"line":188,"column":37},"end":{"line":188,"column":49}}},"27":{"name":"(anonymous_27)","line":200,"loc":{"start":{"line":200,"column":23},"end":{"line":200,"column":41}}},"28":{"name":"HideItBootstrap","line":202,"loc":{"start":{"line":202,"column":4},"end":{"line":202,"column":79}}},"29":{"name":"(anonymous_29)","line":207,"loc":{"start":{"line":207,"column":13},"end":{"line":207,"column":35}}},"30":{"name":"(anonymous_30)","line":219,"loc":{"start":{"line":219,"column":37},"end":{"line":219,"column":49}}},"31":{"name":"(anonymous_31)","line":231,"loc":{"start":{"line":231,"column":26},"end":{"line":231,"column":38}}},"32":{"name":"ResponsiveSizeInfo","line":232,"loc":{"start":{"line":232,"column":4},"end":{"line":232,"column":69}}},"33":{"name":"(anonymous_33)","line":239,"loc":{"start":{"line":239,"column":13},"end":{"line":239,"column":35}}},"34":{"name":"(anonymous_34)","line":245,"loc":{"start":{"line":245,"column":44},"end":{"line":245,"column":56}}},"35":{"name":"(anonymous_35)","line":248,"loc":{"start":{"line":248,"column":47},"end":{"line":248,"column":59}}},"36":{"name":"(anonymous_36)","line":251,"loc":{"start":{"line":251,"column":46},"end":{"line":251,"column":63}}},"37":{"name":"(anonymous_37)","line":258,"loc":{"start":{"line":258,"column":51},"end":{"line":258,"column":81}}},"38":{"name":"(anonymous_38)","line":274,"loc":{"start":{"line":274,"column":40},"end":{"line":274,"column":52}}}},"statementMap":{"1":{"start":{"line":2,"column":0},"end":{"line":6,"column":2}},"2":{"start":{"line":3,"column":4},"end":{"line":3,"column":58}},"3":{"start":{"line":3,"column":21},"end":{"line":3,"column":58}},"4":{"start":{"line":3,"column":46},"end":{"line":3,"column":58}},"5":{"start":{"line":4,"column":4},"end":{"line":4,"column":43}},"6":{"start":{"line":4,"column":20},"end":{"line":4,"column":41}},"7":{"start":{"line":5,"column":4},"end":{"line":5,"column":89}},"8":{"start":{"line":7,"column":0},"end":{"line":7,"column":38}},"9":{"start":{"line":8,"column":0},"end":{"line":8,"column":41}},"10":{"start":{"line":9,"column":0},"end":{"line":39,"column":28}},"11":{"start":{"line":10,"column":4},"end":{"line":10,"column":26}},"12":{"start":{"line":11,"column":4},"end":{"line":15,"column":5}},"13":{"start":{"line":12,"column":8},"end":{"line":12,"column":76}},"14":{"start":{"line":13,"column":8},"end":{"line":13,"column":27}},"15":{"start":{"line":14,"column":8},"end":{"line":14,"column":34}},"16":{"start":{"line":16,"column":4},"end":{"line":22,"column":7}},"17":{"start":{"line":18,"column":12},"end":{"line":18,"column":51}},"18":{"start":{"line":23,"column":4},"end":{"line":27,"column":6}},"19":{"start":{"line":29,"column":4},"end":{"line":34,"column":9}},"20":{"start":{"line":29,"column":38},"end":{"line":34,"column":6}},"21":{"start":{"line":35,"column":4},"end":{"line":37,"column":6}},"22":{"start":{"line":38,"column":4},"end":{"line":38,"column":14}},"23":{"start":{"line":40,"column":0},"end":{"line":40,"column":16}},"24":{"start":{"line":41,"column":0},"end":{"line":71,"column":28}},"25":{"start":{"line":42,"column":4},"end":{"line":42,"column":26}},"26":{"start":{"line":43,"column":4},"end":{"line":47,"column":5}},"27":{"start":{"line":44,"column":8},"end":{"line":44,"column":76}},"28":{"start":{"line":45,"column":8},"end":{"line":45,"column":27}},"29":{"start":{"line":46,"column":8},"end":{"line":46,"column":34}},"30":{"start":{"line":48,"column":4},"end":{"line":54,"column":7}},"31":{"start":{"line":50,"column":12},"end":{"line":50,"column":51}},"32":{"start":{"line":55,"column":4},"end":{"line":59,"column":6}},"33":{"start":{"line":61,"column":4},"end":{"line":66,"column":9}},"34":{"start":{"line":61,"column":38},"end":{"line":66,"column":6}},"35":{"start":{"line":67,"column":4},"end":{"line":69,"column":6}},"36":{"start":{"line":70,"column":4},"end":{"line":70,"column":14}},"37":{"start":{"line":72,"column":0},"end":{"line":72,"column":16}},"38":{"start":{"line":73,"column":0},"end":{"line":103,"column":28}},"39":{"start":{"line":74,"column":4},"end":{"line":74,"column":26}},"40":{"start":{"line":75,"column":4},"end":{"line":79,"column":5}},"41":{"start":{"line":76,"column":8},"end":{"line":76,"column":76}},"42":{"start":{"line":77,"column":8},"end":{"line":77,"column":27}},"43":{"start":{"line":78,"column":8},"end":{"line":78,"column":34}},"44":{"start":{"line":80,"column":4},"end":{"line":86,"column":7}},"45":{"start":{"line":82,"column":12},"end":{"line":82,"column":51}},"46":{"start":{"line":87,"column":4},"end":{"line":91,"column":6}},"47":{"start":{"line":93,"column":4},"end":{"line":98,"column":9}},"48":{"start":{"line":93,"column":38},"end":{"line":98,"column":6}},"49":{"start":{"line":99,"column":4},"end":{"line":101,"column":6}},"50":{"start":{"line":102,"column":4},"end":{"line":102,"column":14}},"51":{"start":{"line":104,"column":0},"end":{"line":104,"column":16}},"52":{"start":{"line":105,"column":0},"end":{"line":135,"column":28}},"53":{"start":{"line":106,"column":4},"end":{"line":106,"column":26}},"54":{"start":{"line":107,"column":4},"end":{"line":111,"column":5}},"55":{"start":{"line":108,"column":8},"end":{"line":108,"column":76}},"56":{"start":{"line":109,"column":8},"end":{"line":109,"column":27}},"57":{"start":{"line":110,"column":8},"end":{"line":110,"column":34}},"58":{"start":{"line":112,"column":4},"end":{"line":118,"column":7}},"59":{"start":{"line":114,"column":12},"end":{"line":114,"column":51}},"60":{"start":{"line":119,"column":4},"end":{"line":123,"column":6}},"61":{"start":{"line":125,"column":4},"end":{"line":130,"column":9}},"62":{"start":{"line":125,"column":38},"end":{"line":130,"column":6}},"63":{"start":{"line":131,"column":4},"end":{"line":133,"column":6}},"64":{"start":{"line":134,"column":4},"end":{"line":134,"column":14}},"65":{"start":{"line":136,"column":0},"end":{"line":136,"column":16}},"66":{"start":{"line":137,"column":0},"end":{"line":167,"column":28}},"67":{"start":{"line":138,"column":4},"end":{"line":138,"column":26}},"68":{"start":{"line":139,"column":4},"end":{"line":143,"column":5}},"69":{"start":{"line":140,"column":8},"end":{"line":140,"column":76}},"70":{"start":{"line":141,"column":8},"end":{"line":141,"column":27}},"71":{"start":{"line":142,"column":8},"end":{"line":142,"column":34}},"72":{"start":{"line":144,"column":4},"end":{"line":150,"column":7}},"73":{"start":{"line":146,"column":12},"end":{"line":146,"column":51}},"74":{"start":{"line":151,"column":4},"end":{"line":155,"column":6}},"75":{"start":{"line":157,"column":4},"end":{"line":162,"column":9}},"76":{"start":{"line":157,"column":38},"end":{"line":162,"column":6}},"77":{"start":{"line":163,"column":4},"end":{"line":165,"column":6}},"78":{"start":{"line":166,"column":4},"end":{"line":166,"column":14}},"79":{"start":{"line":168,"column":0},"end":{"line":168,"column":16}},"80":{"start":{"line":169,"column":0},"end":{"line":198,"column":28}},"81":{"start":{"line":170,"column":4},"end":{"line":170,"column":39}},"82":{"start":{"line":171,"column":4},"end":{"line":174,"column":5}},"83":{"start":{"line":172,"column":8},"end":{"line":172,"column":76}},"84":{"start":{"line":173,"column":8},"end":{"line":173,"column":34}},"85":{"start":{"line":175,"column":4},"end":{"line":181,"column":7}},"86":{"start":{"line":177,"column":12},"end":{"line":177,"column":50}},"87":{"start":{"line":182,"column":4},"end":{"line":186,"column":6}},"88":{"start":{"line":188,"column":4},"end":{"line":193,"column":9}},"89":{"start":{"line":188,"column":51},"end":{"line":193,"column":6}},"90":{"start":{"line":194,"column":4},"end":{"line":196,"column":6}},"91":{"start":{"line":197,"column":4},"end":{"line":197,"column":27}},"92":{"start":{"line":199,"column":0},"end":{"line":199,"column":42}},"93":{"start":{"line":200,"column":0},"end":{"line":229,"column":28}},"94":{"start":{"line":201,"column":4},"end":{"line":201,"column":39}},"95":{"start":{"line":202,"column":4},"end":{"line":205,"column":5}},"96":{"start":{"line":203,"column":8},"end":{"line":203,"column":76}},"97":{"start":{"line":204,"column":8},"end":{"line":204,"column":35}},"98":{"start":{"line":206,"column":4},"end":{"line":212,"column":7}},"99":{"start":{"line":208,"column":12},"end":{"line":208,"column":50}},"100":{"start":{"line":213,"column":4},"end":{"line":217,"column":6}},"101":{"start":{"line":219,"column":4},"end":{"line":224,"column":9}},"102":{"start":{"line":219,"column":51},"end":{"line":224,"column":6}},"103":{"start":{"line":225,"column":4},"end":{"line":227,"column":6}},"104":{"start":{"line":228,"column":4},"end":{"line":228,"column":27}},"105":{"start":{"line":230,"column":0},"end":{"line":230,"column":42}},"106":{"start":{"line":231,"column":0},"end":{"line":280,"column":5}},"107":{"start":{"line":232,"column":4},"end":{"line":237,"column":5}},"108":{"start":{"line":233,"column":8},"end":{"line":233,"column":49}},"109":{"start":{"line":234,"column":8},"end":{"line":234,"column":43}},"110":{"start":{"line":235,"column":8},"end":{"line":235,"column":21}},"111":{"start":{"line":236,"column":8},"end":{"line":236,"column":54}},"112":{"start":{"line":238,"column":4},"end":{"line":244,"column":7}},"113":{"start":{"line":240,"column":12},"end":{"line":240,"column":47}},"114":{"start":{"line":245,"column":4},"end":{"line":247,"column":6}},"115":{"start":{"line":246,"column":8},"end":{"line":246,"column":106}},"116":{"start":{"line":248,"column":4},"end":{"line":250,"column":6}},"117":{"start":{"line":249,"column":8},"end":{"line":249,"column":41}},"118":{"start":{"line":251,"column":4},"end":{"line":257,"column":6}},"119":{"start":{"line":252,"column":8},"end":{"line":252,"column":65}},"120":{"start":{"line":253,"column":8},"end":{"line":256,"column":9}},"121":{"start":{"line":254,"column":12},"end":{"line":254,"column":42}},"122":{"start":{"line":255,"column":12},"end":{"line":255,"column":35}},"123":{"start":{"line":258,"column":4},"end":{"line":265,"column":6}},"124":{"start":{"line":259,"column":8},"end":{"line":264,"column":9}},"125":{"start":{"line":260,"column":12},"end":{"line":260,"column":25}},"126":{"start":{"line":262,"column":12},"end":{"line":262,"column":38}},"127":{"start":{"line":263,"column":12},"end":{"line":263,"column":24}},"128":{"start":{"line":266,"column":4},"end":{"line":272,"column":6}},"129":{"start":{"line":274,"column":4},"end":{"line":278,"column":9}},"130":{"start":{"line":274,"column":54},"end":{"line":278,"column":6}},"131":{"start":{"line":279,"column":4},"end":{"line":279,"column":30}},"132":{"start":{"line":281,"column":0},"end":{"line":281,"column":48}}},"branchMap":{"1":{"line":2,"type":"binary-expr","locations":[{"start":{"line":2,"column":17},"end":{"line":2,"column":21}},{"start":{"line":2,"column":25},"end":{"line":2,"column":39}},{"start":{"line":2,"column":44},"end":{"line":6,"column":1}}]},"2":{"line":3,"type":"if","locations":[{"start":{"line":3,"column":21},"end":{"line":3,"column":21}},{"start":{"line":3,"column":21},"end":{"line":3,"column":21}}]},"3":{"line":5,"type":"cond-expr","locations":[{"start":{"line":5,"column":31},"end":{"line":5,"column":47}},{"start":{"line":5,"column":51},"end":{"line":5,"column":87}}]},"4":{"line":253,"type":"if","locations":[{"start":{"line":253,"column":8},"end":{"line":253,"column":8}},{"start":{"line":253,"column":8},"end":{"line":253,"column":8}}]},"5":{"line":259,"type":"if","locations":[{"start":{"line":259,"column":8},"end":{"line":259,"column":8}},{"start":{"line":259,"column":8},"end":{"line":259,"column":8}}]}},"code":["\"use strict\";","var __extends = (this && this.__extends) || function (d, b) {","    for (var p in b) if (b.hasOwnProperty(p)) d[p] = b[p];","    function __() { this.constructor = d; }","    d.prototype = b === null ? Object.create(b) : (__.prototype = b.prototype, new __());","};","var core_1 = require('@angular/core');","var index_1 = require('../config/index');","var XL = (function (_super) {","    __extends(XL, _super);","    function XL(templateRef, viewContainer, _responsiveState, cd) {","        _super.call(this, templateRef, viewContainer, _responsiveState, cd);","        this._state = 'xl';","        this._showWhenTrue = true;","    }","    Object.defineProperty(XL.prototype, \"xl\", {","        set: function (grid_state) {","            this.setGrid(this._state, 'bootstrap');","        },","        enumerable: true,","        configurable: true","    });","    XL.decorators = [","        { type: core_1.Directive, args: [{","                    selector: '[xl]'","                },] },","    ];","    /** @nocollapse */","    XL.ctorParameters = function () { return [","        { type: core_1.TemplateRef, },","        { type: core_1.ViewContainerRef, },","        { type: index_1.ResponsiveState, },","        { type: core_1.ChangeDetectorRef, },","    ]; };","    XL.propDecorators = {","        'xl': [{ type: core_1.Input },],","    };","    return XL;","}(index_1.RESPONSIVE_BASE));","exports.XL = XL;","var LG = (function (_super) {","    __extends(LG, _super);","    function LG(templateRef, viewContainer, _responsiveState, cd) {","        _super.call(this, templateRef, viewContainer, _responsiveState, cd);","        this._state = 'lg';","        this._showWhenTrue = true;","    }","    Object.defineProperty(LG.prototype, \"lg\", {","        set: function (grid_state) {","            this.setGrid(this._state, 'bootstrap');","        },","        enumerable: true,","        configurable: true","    });","    LG.decorators = [","        { type: core_1.Directive, args: [{","                    selector: '[lg]'","                },] },","    ];","    /** @nocollapse */","    LG.ctorParameters = function () { return [","        { type: core_1.TemplateRef, },","        { type: core_1.ViewContainerRef, },","        { type: index_1.ResponsiveState, },","        { type: core_1.ChangeDetectorRef, },","    ]; };","    LG.propDecorators = {","        'lg': [{ type: core_1.Input },],","    };","    return LG;","}(index_1.RESPONSIVE_BASE));","exports.LG = LG;","var MD = (function (_super) {","    __extends(MD, _super);","    function MD(templateRef, viewContainer, _responsiveState, cd) {","        _super.call(this, templateRef, viewContainer, _responsiveState, cd);","        this._state = 'md';","        this._showWhenTrue = true;","    }","    Object.defineProperty(MD.prototype, \"md\", {","        set: function (grid_state) {","            this.setGrid(this._state, 'bootstrap');","        },","        enumerable: true,","        configurable: true","    });","    MD.decorators = [","        { type: core_1.Directive, args: [{","                    selector: '[md]'","                },] },","    ];","    /** @nocollapse */","    MD.ctorParameters = function () { return [","        { type: core_1.TemplateRef, },","        { type: core_1.ViewContainerRef, },","        { type: index_1.ResponsiveState, },","        { type: core_1.ChangeDetectorRef, },","    ]; };","    MD.propDecorators = {","        'md': [{ type: core_1.Input },],","    };","    return MD;","}(index_1.RESPONSIVE_BASE));","exports.MD = MD;","var SM = (function (_super) {","    __extends(SM, _super);","    function SM(templateRef, viewContainer, _responsiveState, cd) {","        _super.call(this, templateRef, viewContainer, _responsiveState, cd);","        this._state = 'sm';","        this._showWhenTrue = true;","    }","    Object.defineProperty(SM.prototype, \"sm\", {","        set: function (grid_state) {","            this.setGrid(this._state, 'bootstrap');","        },","        enumerable: true,","        configurable: true","    });","    SM.decorators = [","        { type: core_1.Directive, args: [{","                    selector: '[sm]'","                },] },","    ];","    /** @nocollapse */","    SM.ctorParameters = function () { return [","        { type: core_1.TemplateRef, },","        { type: core_1.ViewContainerRef, },","        { type: index_1.ResponsiveState, },","        { type: core_1.ChangeDetectorRef, },","    ]; };","    SM.propDecorators = {","        'sm': [{ type: core_1.Input },],","    };","    return SM;","}(index_1.RESPONSIVE_BASE));","exports.SM = SM;","var XS = (function (_super) {","    __extends(XS, _super);","    function XS(templateRef, viewContainer, _responsiveState, cd) {","        _super.call(this, templateRef, viewContainer, _responsiveState, cd);","        this._state = 'xs';","        this._showWhenTrue = true;","    }","    Object.defineProperty(XS.prototype, \"xs\", {","        set: function (grid_state) {","            this.setGrid(this._state, 'bootstrap');","        },","        enumerable: true,","        configurable: true","    });","    XS.decorators = [","        { type: core_1.Directive, args: [{","                    selector: '[xs]'","                },] },","    ];","    /** @nocollapse */","    XS.ctorParameters = function () { return [","        { type: core_1.TemplateRef, },","        { type: core_1.ViewContainerRef, },","        { type: index_1.ResponsiveState, },","        { type: core_1.ChangeDetectorRef, },","    ]; };","    XS.propDecorators = {","        'xs': [{ type: core_1.Input },],","    };","    return XS;","}(index_1.RESPONSIVE_BASE));","exports.XS = XS;","var ShowItBootstrap = (function (_super) {","    __extends(ShowItBootstrap, _super);","    function ShowItBootstrap(templateRef, viewContainer, _responsiveState, cd) {","        _super.call(this, templateRef, viewContainer, _responsiveState, cd);","        this._showWhenTrue = true;","    }","    Object.defineProperty(ShowItBootstrap.prototype, \"showItBootstrap\", {","        set: function (grid_state) {","            this.setGrid(grid_state, 'bootstrap');","        },","        enumerable: true,","        configurable: true","    });","    ShowItBootstrap.decorators = [","        { type: core_1.Directive, args: [{","                    selector: '[showItBootstrap]'","                },] },","    ];","    /** @nocollapse */","    ShowItBootstrap.ctorParameters = function () { return [","        { type: core_1.TemplateRef, },","        { type: core_1.ViewContainerRef, },","        { type: index_1.ResponsiveState, },","        { type: core_1.ChangeDetectorRef, },","    ]; };","    ShowItBootstrap.propDecorators = {","        'showItBootstrap': [{ type: core_1.Input },],","    };","    return ShowItBootstrap;","}(index_1.RESPONSIVE_BASE));","exports.ShowItBootstrap = ShowItBootstrap;","var HideItBootstrap = (function (_super) {","    __extends(HideItBootstrap, _super);","    function HideItBootstrap(templateRef, viewContainer, _responsiveState, cd) {","        _super.call(this, templateRef, viewContainer, _responsiveState, cd);","        this._showWhenTrue = false;","    }","    Object.defineProperty(HideItBootstrap.prototype, \"hideItBootstrap\", {","        set: function (grid_state) {","            this.setGrid(grid_state, 'bootstrap');","        },","        enumerable: true,","        configurable: true","    });","    HideItBootstrap.decorators = [","        { type: core_1.Directive, args: [{","                    selector: '[hideItBootstrap]'","                },] },","    ];","    /** @nocollapse */","    HideItBootstrap.ctorParameters = function () { return [","        { type: core_1.TemplateRef, },","        { type: core_1.ViewContainerRef, },","        { type: index_1.ResponsiveState, },","        { type: core_1.ChangeDetectorRef, },","    ]; };","    HideItBootstrap.propDecorators = {","        'hideItBootstrap': [{ type: core_1.Input },],","    };","    return HideItBootstrap;","}(index_1.RESPONSIVE_BASE));","exports.HideItBootstrap = HideItBootstrap;","var ResponsiveSizeInfo = (function () {","    function ResponsiveSizeInfo(_responsiveState, viewContainer, cd) {","        this._responsiveState = _responsiveState;","        this.viewContainer = viewContainer;","        this.cd = cd;","        this.statechanges = new core_1.EventEmitter();","    }","    Object.defineProperty(ResponsiveSizeInfo.prototype, \"responsiveSizeInfo\", {","        set: function (grid_state) {","            this.updateData(this.currentstate);","        },","        enumerable: true,","        configurable: true","    });","    ResponsiveSizeInfo.prototype.ngOnInit = function () {","        this._subscription = this._responsiveState.elementoObservar.subscribe(this.updateData.bind(this));","    };","    ResponsiveSizeInfo.prototype.ngOnDestroy = function () {","        this._subscription
[...]
ive_subscriptions.sizes)","            this._subscription_custom_sizes = this._responsiveState.anchoObservar.subscribe(this.updateSizes.bind(this));","    };","    Responsive.prototype.updateBootstrap = function (value) {","        var _update = this._ifValueChanged(this._noRepeatBootstrapName, value);","        if (_update) {","            this.set_values.bootstrap = value;","        }","        this.updateEvent(this.set_values.bootstrap, 'bootstrap');","    };","    Responsive.prototype.updateBrowser = function (value) {","        this.set_values.browser = value;","        this.updateEvent(this.set_values.browser, 'browser');","    };","    Responsive.prototype.updateDevice = function (value) {","        this.set_values.device = value;","        this.updateEvent(this.set_values.device, 'device');","    };","    Responsive.prototype.updatePixelRatio = function (value) {","        this.set_values.pixelratio = value;","        this.updateEvent(this.set_values.pixelratio, 'pixelratio');","    };","    Responsive.prototype.updateOrientation = function (value) {","        this.set_values.orientation = value;","        this.updateEvent(this.set_values.orientation, 'orientation');","    };","    Responsive.prototype.updateStandard = function (value) {","        this.set_values.standard = value;","        this.updateEvent(this.set_values.standard, 'standard');","    };","    Responsive.prototype.updateIEversion = function (value) {","        this.set_values.ie = value;","        this.updateEvent(this.set_values.ie, 'ie');","    };","    Responsive.prototype.updateSizes = function (value) {","        if (!this._sizes_window)","            this.set_values.sizes = value;","        else","            this.set_values.sizes = this._responsiveState.getWidth(this._sizes_window);","        this.updateEvent(this.set_values.sizes, 'sizes');","    };","    Responsive.prototype.updateEvent = function (param, type_directive) {","        if (!!this._showWhenTrue) {","            switch (type_directive) {","                case 'bootstrap':","                    this.showHideOperations(this._bootstrap_user_param.indexOf(param) !== -1, type_directive);","                    break;","                case 'device':","                    this.showHideOperations(this._devices_user_param.indexOf(param) !== -1, type_directive);","                    break;","                case 'standard':","                    this.showHideOperations(this._standard_user_param.indexOf(param) !== -1, type_directive);","                    break;","                case 'orientation':","                    this.showHideOperations(this._orientation_user_param.indexOf(param) !== -1, type_directive);","                    break;","                case 'browser':","                    this.showHideOperations(this._browser_user_param.indexOf(param) !== -1, type_directive);","                    break;","                case 'pixelratio':","                    this.showHideOperations(this._pixelratio_user_param.indexOf(param) !== -1, type_directive);","                    break;","                case 'ie':","                    this.showHideOperations(this._ie_user_param.indexOf(param) !== -1, type_directive);","                    break;","                case 'sizes':","                    this.showHideOperations(!!(param >= this._sizes_user_param[0] && param <= this._sizes_user_param[1]), type_directive);","                    break;","                default:","                    null;","            }","        }","        else {","            switch (type_directive) {","                case 'bootstrap':","                    this.showHideOperations(!(this._bootstrap_user_param.indexOf(param)), type_directive);","                    break;","                case 'device':","                    this.showHideOperations(!(this._devices_user_param.indexOf(param)), type_directive);","                    break;","                case 'standard':","                    this.showHideOperations(!(this._standard_user_param.indexOf(param)), type_directive);","                    break;","                case 'orientation':","                    this.showHideOperations(!(this._orientation_user_param.indexOf(param)), type_directive);","                    break;","                case 'browser':","                    this.showHideOperations(!(this._browser_user_param.indexOf(param)), type_directive);","                    break;","                case 'pixelratio':","                    this.showHideOperations(!(this._pixelratio_user_param.indexOf(param)), type_directive);","                    break;","                case 'ie':","                    this.showHideOperations(!(this._ie_user_param.indexOf(param)), type_directive);","                    break;","                case 'sizes':","                    this.showHideOperations(!(!!(param >= this._sizes_user_param[0] && param <= this._sizes_user_param[1])), type_directive);","                    break;","                default:","                    null;","            }","        }","    };","    Responsive.prototype.showHideOperations = function (show, type_directive) {","        var global_state = this.matchValues(show, type_directive);","        if (!!global_state) {","            if (this._globalNoRepeat === 0) {","                this._globalNoRepeat = 1;","                this.viewContainer.createEmbeddedView(this.templateRef);","                this.changes.emit(true);","                this.cd.markForCheck();","            }","        }","        else {","            this._globalNoRepeat = 0;","            this.changes.emit(false);","            this.viewContainer.clear();","            this.cd.markForCheck();","        }","    };","    Responsive.prototype.matchValues = function (show, type_directive) {","        var match = true;","        if (show) {","            this.match_multiple[type_directive] = true;","        }","        else {","            this.match_multiple[type_directive] = false;","        }","        for (var all_key in this.match_multiple) {","            for (var _i = 0, _a = this._actives; _i < _a.length; _i++) {","                var active = _a[_i];","                if (all_key == active && this.match_multiple[all_key] === false)","                    return match = false;","            }","        }","        return match;","    };","    Responsive.prototype.ngOnDestroy = function () {","        if (this.set_active_subscriptions.bootstrap)","            this._subscription_Bootstrap.unsubscribe();","        if (this.set_active_subscriptions.browser)","            this._subscription_Browser.unsubscribe();","        if (this.set_active_subscriptions.device)","            this._subscription_Device.unsubscribe();","        if (this.set_active_subscriptions.pixelratio)","            this._subscription_Pixel_Ratio.unsubscribe();","        if (this.set_active_subscriptions.orientation)","            this._subscription_Orientation.unsubscribe();","        if (this.set_active_subscriptions.standard)","            this._subscription_Standard.unsubscribe();","        if (this.set_active_subscriptions.ie)","            this._subscription_IE_Version.unsubscribe();","        if (this.set_active_subscriptions.sizes)","            this._subscription_custom_sizes.unsubscribe();","    };","    Responsive.prototype._ifValueChanged = function (oldValue, newValue) {","        if (oldValue === newValue)","            return false;","        else {","            this._noRepeatBootstrapName = newValue;","            return true;","        }","    };","    Responsive.prototype.isJSON = function (value) {","        try {","            JSON.stringify(value);","            return true;","        }","        catch (ex) {","            return false;","        }","    };","    Responsive.decorators = [","        { type: core_1.Directive, args: [{","                    selector: '[responsive]'","                },] },","    ];","    /** @nocollapse */","    Responsive.ctorParameters = function () { return [","        { type: core_1.TemplateRef, },","        { type: index_1.ResponsiveState, },","        { type: core_1.ViewContainerRef, },","        { type: core_1.ChangeDetectorRef, },","    ]; };","    Responsive.propDecorators = {","        'responsive': [{ type: core_1.Input },],","        'changes': [{ type: core_1.Output },],","    };","    return Responsive;","}());","exports.Responsive = Responsive;","//# sourceMappingURL=responsive.js.map"],"l":{"2":2,"3":0,"4":0,"5":1,"6":0,"7":0,"8":0,"9":0,"10":0,"11":0,"21":0,"31":0,"41":0,"42":0,"43":0,"44":0,"45":0,"46":0,"47":0,"48":0,"49":0,"50":0,"51":0,"52":0,"53":0,"54":0,"55":0,"56":0,"57":0,"58":0,"59":0,"60":0,"62":0,"64":0,"69":0,"70":0,"71":0,"72":0,"73":0,"74":0,"76":0,"77":0,"78":0,"79":0,"81":0,"82":0,"83":0,"84":0,"86":0,"87":0,"88":0,"89":0,"91":0,"92":0,"93":0,"94":0,"96":0,"97":0,"98":0,"99":0,"101":0,"102":0,"103":0,"104":0,"106":0,"107":0,"108":0,"109":0,"110":0,"111":0,"113":0,"114":0,"115":0,"118":0,"119":0,"120":0,"121":0,"122":0,"123":0,"124":0,"125":0,"126":0,"127":0,"128":0,"130":0,"131":0,"132":0,"133":0,"134":0,"135":0,"136":0,"137":0,"138":0,"139":0,"140":0,"141":0,"142":0,"143":0,"144":0,"145":0,"147":0,"148":0,"149":0,"150":0,"152":0,"154":0,"155":0,"156":0,"158":0,"159":0,"160":0,"162":0,"163":0,"164":0,"166":0,"167":0,"168":0,"170":0,"171":0,"172":0,"174":0,"175":0,"176":0,"178":0,"179":0,"180":0,"182":0,"183":0,"185":0,"186":0,"187":0,"189":0,"190":0,"192":0,"193":0,"195":0,"196":0,"198":0,"199":0,"201":0,"202":0,"204":0,"205":0,"207":0,"208":0,"210":0,"211":0,"213":0,"217":0,"219":0,"220":0,"222":0,"223":0,"225":0,"226":0,"228":0,"229":0,"231":0,"232":0,"234":0,"235":0,"237":0,"238":0,"240":0,"241":0,"243":0,"247":0,"248":0,"249":0,"250":0,"251":0,"252":0,"253":0,"254":0,"258":0,"259":0,"260":0,"261":0,"264":0,"265":0,"266":0,"267":0,"270":0,"272":0,"273":0,"274":0,"275":0,"276":0,"279":0,"281":0,"282":0,"283":0,"284":0,"285":0,"286":0,"287":0,"288":0,"289":0,"290":0,"291":0,"292":0,"293":0,"294":0,"295":0,"296":0,"297":0,"299":0,"300":0,"301":0,"303":0,"304":0,"307":0,"308":0,"309":0,"310":0,"313":0,"316":0,"322":0,"328":0,"332":0,"334":0}},"/home/travis/build/npmtest/node-npmtest-ng2-responsive/node_modules/ng2-responsive/responsive-window/responsive-window.js":{"path":"/home/travis/build/npmtest/node-npmtest-ng2-responsive/node_modules/ng2-responsive/responsive-window/responsive-window.js","s":{"1":2,"2":0,"3":0,"4":1,"5":0,"6":0,"7":0,"8":0,"9":0,"10":0,"11":0,"12":0,"13":0,"14":0,"15":0,"16":0,"17":0,"18":0,"19":0,"20":0,"21":0,"22":0,"23":0,"24":0,"25":0,"26":0,"27":0,"28":0,"29":0,"30":0,"31":0},"b":{"1":[0,0],"2":[0,0]},"f":{"1":0,"2":0,"3":0,"4":0,"5":0,"6":0,"7":0,"8":0},"fnMap":{"1":{"name":"(anonymous_1)","line":4,"loc":{"start":{"line":4,"column":24},"end":{"line":4,"column":36}}},"2":{"name":"ResponsiveWindow","line":5,"loc":{"start":{"line":5,"column":4},"end":{"line":5,"column":56}}},"3":{"name":"(anonymous_3)","line":11,"loc":{"start":{"line":11,"column":42},"end":{"line":11,"column":54}}},"4":{"name":"(anonymous_4)","line":14,"loc":{"start":{"line":14,"column":43},"end":{"line":14,"column":55}}},"5":{"name":"(anonymous_5)","line":22,"loc":{"start":{"line":22,"column":45},"end":{"line":22,"column":57}}},"6":{"name":"(anonymous_6)","line":25,"loc":{"start":{"line":25,"column":42},"end":{"line":25,"column":54}}},"7":{"name":"(anonymous_7)","line":28,"loc":{"start":{"line":28,"column":49},"end":{"line":28,"column":79}}},"8":{"name":"(anonymous_8)","line":41,"loc":{"start":{"line":41,"column":38},"end":{"line":41,"column":50}}}},"statementMap":{"1":{"start":{"line":2,"column":0},"end":{"line":2,"column":38}},"2":{"start":{"line":3,"column":0},"end":{"line":3,"column":41}},"3":{"start":{"line":4,"column":0},"end":{"line":50,"column":5}},"4":{"start":{"line":5,"column":4},"end":{"line":10,"column":5}},"5":{"start":{"line":6,"column":8},"end":{"line":6,"column":49}},"6":{"start":{"line":7,"column":8},"end":{"line":7,"column":21}},"7":{"start":{"line":8,"column":8},"end":{"line":8,"column":21}},"8":{"start":{"line":9,"column":8},"end":{"line":9,"column":40}},"9":{"start":{"line":11,"column":4},"end":{"line":13,"column":6}},"10":{"start":{"line":12,"column":8},"end":{"line":12,"column":51}},"11":{"start":{"line":14,"column":4},"end":{"line":21,"column":6}},"12":{"start":{"line":15,"column":8},"end":{"line":15,"column":69}},"13":{"start":{"line":16,"column":8},"end":{"line":20,"column":9}},"14":{"start":{"line":17,"column":12},"end":{"line":17,"column":57}},"15":{"start":{"line":18,"column":12},"end":{"line":18,"column":55}},"16":{"start":{"line":19,"column":12},"end":{"line":19,"column":35}},"17":{"start":{"line":22,"column":4},"end":{"line":24,"column":6}},"18":{"start":{"line":23,"column":8},"end":{"line":23,"column":53}},"19":{"start":{"line":25,"column":4},"end":{"line":27,"column":6}},"20":{"start":{"line":26,"column":8},"end":{"line":26,"column":40}},"21":{"start":{"line":28,"column":4},"end":{"line":34,"column":6}},"22":{"start":{"line":29,"column":8},"end":{"line":32,"column":38}},"23":{"start":{"line":30,"column":12},"end":{"line":30,"column":25}},"24":{"start":{"line":32,"column":12},"end":{"line":32,"column":38}},"25":{"start":{"line":33,"column":8},"end":{"line":33,"column":20}},"26":{"start":{"line":35,"column":4},"end":{"line":39,"column":6}},"27":{"start":{"line":41,"column":4},"end":{"line":45,"column":9}},"28":{"start":{"line":41,"column":52},"end":{"line":45,"column":6}},"29":{"start":{"line":46,"column":4},"end":{"line":48,"column":6}},"30":{"start":{"line":49,"column":4},"end":{"line":49,"column":28}},"31":{"start":{"line":51,"column":0},"end":{"line":51,"column":44}}},"branchMap":{"1":{"line":16,"type":"if","locations":[{"start":{"line":16,"column":8},"end":{"line":16,"column":8}},{"start":{"line":16,"column":8},"end":{"line":16,"column":8}}]},"2":{"line":29,"type":"if","locations":[{"start":{"line":29,"column":8},"end":{"line":29,"column":8}},{"start":{"line":29,"column":8},"end":{"line":29,"column":8}}]}},"code":["\"use strict\";","var core_1 = require('@angular/core');","var index_1 = require('../config/index');","var ResponsiveWindow = (function () {","    function ResponsiveWindow(_responsiveState, el, cd) {","        this._responsiveState = _responsiveState;","        this.el = el;","        this.cd = cd;","        this.element = el.nativeElement;","    }","    ResponsiveWindow.prototype.ngOnInit = function () {","        this._responsiveState.registerWindow(this);","    };","    ResponsiveWindow.prototype.ngDoCheck = function () {","        var update = this._ifValueChanged(this._noRepeat, this.name);","        if (update) {","            this._responsiveState.unregisterWindow(this);","            this._responsiveState.registerWindow(this);","            this.cd.markForCheck();","        }","    };","    ResponsiveWindow.prototype.ngOnDestroy = function () {","        this._responsiveState.unregisterWindow(this);","    };","    ResponsiveWindow.prototype.getWidth = function () {","        return this.element.offsetWidth;","    };","    ResponsiveWindow.prototype._ifValueChanged = function (oldValue, newValue) {","        if (oldValue === newValue)","            return false;","        else","            this._noRepeat = newValue;","        return true;","    };","    ResponsiveWindow.decorators = [","        { type: core_1.Directive, args: [{","                    selector: \"[responsive-window]\"","                },] },","    ];","    /** @nocollapse */","    ResponsiveWindow.ctorParameters = function () { return [","        { type: index_1.ResponsiveState, },","        { type: core_1.ElementRef, },","        { type: core_1.ChangeDetectorRef, },","    ]; };","    ResponsiveWindow.propDecorators = {","        'name': [{ type: core_1.Input, args: ['responsive-window',] },],","    };","    return ResponsiveWindow;","}());","exports.ResponsiveWindow = ResponsiveWindow;","//# sourceMappingURL=responsive-window.js.map"],"l":{"2":2,"3":0,"4":0,"5":1,"6":0,"7":0,"8":0,"9":0,"11":0,"12":0,"14":0,"15":0,"16":0,"17":0,"18":0,"19":0,"22":0,"23":0,"25":0,"26":0,"28":0,"29":0,"30":0,"32":0,"33":0,"35":0,"41":0,"46":0,"49":0,"51":0}},"/home/travis/build/npmtest/node-npmtest-ng2-responsive/node_modules/ng2-responsive/useragent/useragent.js":{"path":"/home/travis/build/npmtest/node-npmtest-ng2-responsive/node_modules/ng2-responsive/useragent/useragent.js","s":{"1":2,"2":0,"3":0,"4":1,"5":0,"6":0,"7":0,"8":0,"9":0,"10":0,"11":0,"12":0,"13":0,"14":0,"15":0,"16":0,"17":0,"18":0,"19":0},"b":{},"f":{"1":0,"2":0,"3":0,"4":0,"5":0,"6":0},"fnMap":{"1":{"name":"(anonymous_1)","line":4,"loc":{"start":{"line":4,"column":21},"end":{"line":4,"column":33}}},"2":{"name":"UserAgentInfo","line":5,"loc":{"start":{"line":5,"column":4},"end":{"line":5,"column":49}}},"3":{"name":"(anonymous_3)","line":10,"loc":{"start":{"line":10,"column":39},"end":{"line":10,"column":51}}},"4":{"name":"(anonymous_4)","line":13,"loc":{"start":{"line":13,"column":42},"end":{"line":13,"column":54}}},"5":{"name":"(anonymous_5)","line":16,"loc":{"start":{"line":16,"column":44},"end":{"line":16,"column":61}}},"6":{"name":"(anonymous_6)","line":26,"loc":{"start":{"line":26,"column":35},"end":{"line":26,"column":47}}}},"statementMap":{"1":{"start":{"line":2,"column":0},"end":{"line":2,"column":38}},"2":{"start":{"line":3,"column":0},"end":{"line":3,"column":41}},"3":{"start":{"line":4,"column":0},"end":{"line":31,"column":5}},"4":{"start":{"line":5,"column":4},"end":{"line":9,"column":5}},"5":{"start":{"line":6,"column":8},"end":{"line":6,"column":49}},"6":{"start":{"line":7,"column":8},"end":{"line":7,"column":21}},"7":{"start":{"line":8,"column":8},"end":{"line":8,"column":46}},"8":{"start":{"line":10,"column":4},"end":{"line":12,"column":6}},"9":{"start":{"line":11,"column":8},"end":{"line":11,"column":120}},"10":{"start":{"line":13,"column":4},"end":{"line":15,"column":6}},"11":{"start":{"line":14,"column":8},"end":{"line":14,"column":51}},"12":{"start":{"line":16,"column":4},"end":{"line":19,"column":6}},"13":{"start":{"line":17,"column":8},"end":{"line":17,"column":30}},"14":{"start":{"line":18,"column":8},"end":{"line":18,"column":31}},"15":{"start":{"line":20,"column":4},"end":{"line":24,"column":6}},"16":{"start":{"line":26,"column":4},"end":{"line":29,"column":9}},"17":{"start":{"line":26,"column":49},"end":{"line":29,"column":6}},"18":{"start":{"line":30,"column":4},"end":{"line":30,"column":25}},"19":{"start":{"line":32,"column":0},"end":{"line":32,"column":38}}},"branchMap":{},"code":["\"use strict\";","var core_1 = require('@angular/core');","var index_1 = require('../config/index');","var UserAgentInfo = (function () {","    function UserAgentInfo(_responsiveState, cd) {","        this._responsiveState = _responsiveState;","        this.cd = cd;","        this.info = new core_1.EventEmitter();","    }","    UserAgentInfo.prototype.ngOnInit = function () {","        this._subscription_UserAgent = this._responsiveState.userAgentObserver.subscribe(this.emitUserAgent.bind(this));","    };","    UserAgentInfo.prototype.ngOnDestroy = function () {","        this._subscription_UserAgent.unsubscribe();","    };","    UserAgentInfo.prototype.emitUserAgent = function (value) {","        this.info.emit(value);","        this.cd.markForCheck();","    };","    UserAgentInfo.decorators = [","        { type: core_1.Directive, args: [{","                    selector: 'userAgentInfo', outputs: ['info']","                },] },","    ];","    /** @nocollapse */","    UserAgentInfo.ctorParameters = function () { return [","        { type: index_1.ResponsiveState, },","        { type: core_1.ChangeDetectorRef, },","    ]; };","    return UserAgentInfo;","}());","exports.UserAgentInfo = UserAgentInfo;","//# sourceMappingURL=useragent.js.map"],"l":{"2":2,"3":0,"4":0,"5":1,"6":0,"7":0,"8":0,"10":0,"11":0,"13":0,"14":0,"16":0,"17":0,"18":0,"20":0,"26":0,"30":0,"32":0}}}